[ 2016-12-01T09:47:03+08:00 ] ERR: (ThinkException) 非法操作:reply
[ 2016-12-01T10:26:19+08:00 ] ERR: (ThinkException) XML标签语法错误 : condition="<{$vo.id}
[ 2016-12-01T10:27:04+08:00 ] ERR: (ThinkException) XML标签语法错误 : condition="(<{$vo.id}
[ 2016-12-01T10:27:56+08:00 ] ERR: (ThinkException) XML标签语法错误 : condition='<{$vo.id}
[ 2016-12-01T14:53:55+08:00 ] ERR: (ThinkException) 非法操作:Fileinput
[ 2016-12-01T14:53:55+08:00 ] ERR: (ThinkException) 非法操作:Fileinput
[ 2016-12-01T14:54:28+08:00 ] ERR: (ThinkException) 非法操作:Fileinput
[ 2016-12-01T14:54:28+08:00 ] ERR: (ThinkException) 非法操作:Fileinput
[ 2016-12-01T14:55:42+08:00 ] ERR: (ThinkException) 非法操作:Fileinput
[ 2016-12-01T14:55:42+08:00 ] ERR: (ThinkException) 非法操作:Fileinput
[ 2016-12-01T14:58:19+08:00 ] ERR: (ThinkException) 非法操作:fileinput
[ 2016-12-01T14:58:19+08:00 ] ERR: (ThinkException) 非法操作:fileinput
[ 2016-12-01T14:58:19+08:00 ] ERR: (ThinkException) 非法操作:fileinput_locale_es
[ 2016-12-01T14:58:19+08:00 ] ERR: (ThinkException) 非法操作:fileinput_locale_fr
[ 2016-12-01T14:58:46+08:00 ] ERR: (ThinkException) 非法操作:fileinput_locale_es
[ 2016-12-01T14:58:46+08:00 ] ERR: (ThinkException) 非法操作:fileinput_locale_fr
[ 2016-12-01T14:58:46+08:00 ] ERR: (ThinkException) 非法操作:fileinput
[ 2016-12-01T14:58:46+08:00 ] ERR: (ThinkException) 非法操作:fileinput
[ 2016-12-01T14:58:47+08:00 ] ERR: (ThinkException) 非法操作:fileinput
[ 2016-12-01T14:58:47+08:00 ] ERR: (ThinkException) 非法操作:fileinput_locale_es
[ 2016-12-01T14:58:47+08:00 ] ERR: (ThinkException) 非法操作:fileinput
[ 2016-12-01T14:58:47+08:00 ] ERR: (ThinkException) 非法操作:fileinput_locale_fr
[ 2016-12-01T14:59:27+08:00 ] ERR: (ThinkException) 非法操作:Fileinput
[ 2016-12-01T14:59:27+08:00 ] ERR: (ThinkException) 非法操作:Fileinput
[ 2016-12-01T15:00:18+08:00 ] ERR: (ThinkException) 非法操作:Fileinput
[ 2016-12-01T15:00:18+08:00 ] ERR: (ThinkException) 非法操作:Fileinput
[ 2016-12-01T15:00:53+08:00 ] ERR: (ThinkException) 非法操作:Fileinput
[ 2016-12-01T15:00:53+08:00 ] ERR: (ThinkException) 非法操作:Fileinput
[ 2016-12-01T15:00:54+08:00 ] ERR: (ThinkException) 非法操作:Fileinput
[ 2016-12-01T15:00:54+08:00 ] ERR: (ThinkException) 非法操作:Fileinput
[ 2016-12-01T15:01:24+08:00 ] ERR: (ThinkException) 非法操作:Fileinput
[ 2016-12-01T15:01:24+08:00 ] ERR: (ThinkException) 非法操作:Fileinput
[ 2016-12-01T15:02:14+08:00 ] ERR: (ThinkException) 非法操作:Fileinput
[ 2016-12-01T15:02:14+08:00 ] ERR: (ThinkException) 非法操作:Fileinput
[ 2016-12-01T15:03:54+08:00 ] ERR: (ThinkException) 非法操作:Fileinput
[ 2016-12-01T15:03:54+08:00 ] ERR: (ThinkException) 非法操作:Fileinput
[ 2016-12-01T15:04:05+08:00 ] ERR: (ThinkException) 非法操作:Fileinput
[ 2016-12-01T15:04:05+08:00 ] ERR: (ThinkException) 非法操作:Fileinput
[ 2016-12-01T15:05:19+08:00 ] ERR: (ThinkException) 非法操作:Fileinput
[ 2016-12-01T15:05:19+08:00 ] ERR: (ThinkException) 非法操作:Fileinput
[ 2016-12-01T15:05:53+08:00 ] ERR: (ThinkException) 非法操作:Fileinput
[ 2016-12-01T15:05:53+08:00 ] ERR: (ThinkException) 非法操作:Fileinput
[ 2016-12-01T15:06:10+08:00 ] ERR: (ThinkException) 非法操作:Fileinput
[ 2016-12-01T15:06:10+08:00 ] ERR: (ThinkException) 非法操作:Fileinput
[ 2016-12-01T15:06:26+08:00 ] ERR: (ThinkException) 非法操作:Fileinput
[ 2016-12-01T15:06:26+08:00 ] ERR: (ThinkException) 非法操作:Fileinput
[ 2016-12-01T15:06:42+08:00 ] ERR: (ThinkException) 非法操作:Fileinput
[ 2016-12-01T15:06:42+08:00 ] ERR: (ThinkException) 非法操作:Fileinput
[ 2016-12-01T15:07:02+08:00 ] ERR: (ThinkException) 非法操作:Fileinput
[ 2016-12-01T15:07:02+08:00 ] ERR: (ThinkException) 非法操作:Fileinput
[ 2016-12-01T15:07:16+08:00 ] ERR: (ThinkException) 非法操作:Fileinput
[ 2016-12-01T15:07:16+08:00 ] ERR: (ThinkException) 非法操作:Fileinput
[ 2016-12-01T15:07:26+08:00 ] ERR: (ThinkException) 非法操作:Fileinput
[ 2016-12-01T15:07:26+08:00 ] ERR: (ThinkException) 非法操作:Fileinput
[ 2016-12-01T15:07:27+08:00 ] ERR: (ThinkException) 非法操作:Fileinput
[ 2016-12-01T15:07:27+08:00 ] ERR: (ThinkException) 非法操作:Fileinput
[ 2016-12-01T15:08:03+08:00 ] ERR: (ThinkException) 非法操作:Fileinput
[ 2016-12-01T15:08:03+08:00 ] ERR: (ThinkException) 非法操作:Fileinput
[ 2016-12-01T15:08:17+08:00 ] ERR: (ThinkException) 非法操作:Fileinput
[ 2016-12-01T15:08:17+08:00 ] ERR: (ThinkException) 非法操作:Fileinput
[ 2016-12-01T15:08:18+08:00 ] ERR: (ThinkException) 非法操作:Fileinput
[ 2016-12-01T15:08:18+08:00 ] ERR: (ThinkException) 非法操作:Fileinput
[ 2016-12-01T15:09:01+08:00 ] ERR: (ThinkException) 非法操作:Fileinput
[ 2016-12-01T15:09:01+08:00 ] ERR: (ThinkException) 非法操作:Fileinput
[ 2016-12-01T15:09:44+08:00 ] ERR: (ThinkException) 非法操作:Fileinput
[ 2016-12-01T15:09:44+08:00 ] ERR: (ThinkException) 非法操作:Fileinput
[ 2016-12-01T15:11:05+08:00 ] ERR: (ThinkException) 非法操作:Fileinput
[ 2016-12-01T15:11:05+08:00 ] ERR: (ThinkException) 非法操作:Fileinput
[ 2016-12-01T15:11:34+08:00 ] ERR: (ThinkException) 非法操作:Fileinput
[ 2016-12-01T15:11:34+08:00 ] ERR: (ThinkException) 非法操作:Fileinput
[ 2016-12-01T15:12:02+08:00 ] ERR: (ThinkException) 非法操作:Fileinput
[ 2016-12-01T15:12:02+08:00 ] ERR: (ThinkException) 非法操作:Fileinput
[ 2016-12-01T15:12:39+08:00 ] ERR: (ThinkException) 非法操作:Fileinput
[ 2016-12-01T15:12:39+08:00 ] ERR: (ThinkException) 非法操作:Fileinput
[ 2016-12-01T15:13:24+08:00 ] ERR: (ThinkException) 非法操作:Fileinput
[ 2016-12-01T15:13:24+08:00 ] ERR: (ThinkException) 非法操作:Fileinput
[ 2016-12-01T15:13:46+08:00 ] ERR: (ThinkException) 非法操作:Fileinput
[ 2016-12-01T15:13:46+08:00 ] ERR: (ThinkException) 非法操作:Fileinput
[ 2016-12-01T15:14:35+08:00 ] ERR: (ThinkException) 非法操作:Fileinput
[ 2016-12-01T15:14:35+08:00 ] ERR: (ThinkException) 非法操作:Fileinput
[ 2016-12-01T15:14:54+08:00 ] ERR: (ThinkException) 非法操作:Fileinput
[ 2016-12-01T15:14:54+08:00 ] ERR: (ThinkException) 非法操作:Fileinput
[ 2016-12-01T15:15:25+08:00 ] ERR: (ThinkException) 非法操作:Fileinput
[ 2016-12-01T15:15:25+08:00 ] ERR: (ThinkException) 非法操作:Fileinput
[ 2016-12-01T15:16:19+08:00 ] ERR: (ThinkException) 非法操作:Fileinput
[ 2016-12-01T15:16:19+08:00 ] ERR: (ThinkException) 非法操作:Fileinput
[ 2016-12-01T15:16:45+08:00 ] ERR: (ThinkException) 非法操作:Fileinput
[ 2016-12-01T15:16:45+08:00 ] ERR: (ThinkException) 非法操作:Fileinput
[ 2016-12-01T15:17:02+08:00 ] ERR: (ThinkException) 非法操作:Fileinput
[ 2016-12-01T15:17:02+08:00 ] ERR: (ThinkException) 非法操作:Fileinput
[ 2016-12-01T15:18:53+08:00 ] ERR: (ThinkException) 非法操作:Fileinput
[ 2016-12-01T15:18:53+08:00 ] ERR: (ThinkException) 非法操作:Fileinput
[ 2016-12-01T15:20:10+08:00 ] ERR: (ThinkException) 非法操作:Fileinput
[ 2016-12-01T15:20:10+08:00 ] ERR: (ThinkException) 非法操作:Fileinput
[ 2016-12-01T15:20:55+08:00 ] ERR: (ThinkException) 非法操作:Fileinput
[ 2016-12-01T15:20:55+08:00 ] ERR: (ThinkException) 非法操作:Fileinput
[ 2016-12-01T15:21:54+08:00 ] ERR: (ThinkException) 非法操作:Fileinput
[ 2016-12-01T15:21:54+08:00 ] ERR: (ThinkException) 非法操作:Fileinput
[ 2016-12-01T15:22:16+08:00 ] ERR: (ThinkException) 非法操作:Fileinput
[ 2016-12-01T15:22:16+08:00 ] ERR: (ThinkException) 非法操作:Fileinput
[ 2016-12-01T15:22:42+08:00 ] ERR: (ThinkException) 非法操作:Fileinput
[ 2016-12-01T15:22:42+08:00 ] ERR: (ThinkException) 非法操作:Fileinput
[ 2016-12-01T15:22:55+08:00 ] ERR: (ThinkException) 非法操作:Fileinput
[ 2016-12-01T15:22:55+08:00 ] ERR: (ThinkException) 非法操作:Fileinput
[ 2016-12-01T15:23:24+08:00 ] ERR: (ThinkException) 非法操作:Fileinput
[ 2016-12-01T15:23:24+08:00 ] ERR: (ThinkException) 非法操作:Fileinput
[ 2016-12-01T15:23:55+08:00 ] ERR: (ThinkException) 非法操作:Fileinput
[ 2016-12-01T15:23:55+08:00 ] ERR: (ThinkException) 非法操作:Fileinput
[ 2016-12-01T15:26:57+08:00 ] ERR: (ThinkException) 非法操作:Fileinput
[ 2016-12-01T15:26:57+08:00 ] ERR: (ThinkException) 非法操作:Fileinput
[ 2016-12-01T15:27:18+08:00 ] ERR: (ThinkException) 非法操作:Fileinput
[ 2016-12-01T15:27:18+08:00 ] ERR: (ThinkException) 非法操作:Fileinput
[ 2016-12-01T15:27:29+08:00 ] ERR: (ThinkException) 非法操作:Fileinput
[ 2016-12-01T15:27:29+08:00 ] ERR: (ThinkException) 非法操作:Fileinput
[ 2016-12-01T15:29:11+08:00 ] ERR: (ThinkException) 非法操作:Fileinput
[ 2016-12-01T15:29:11+08:00 ] ERR: (ThinkException) 非法操作:Fileinput
[ 2016-12-01T15:29:46+08:00 ] ERR: (ThinkException) 非法操作:Fileinput
[ 2016-12-01T15:29:46+08:00 ] ERR: (ThinkException) 非法操作:Fileinput
[ 2016-12-01T15:30:22+08:00 ] ERR: (ThinkException) 非法操作:Fileinput
[ 2016-12-01T15:30:22+08:00 ] ERR: (ThinkException) 非法操作:Fileinput
[ 2016-12-01T15:30:56+08:00 ] ERR: (ThinkException) 非法操作:Fileinput
[ 2016-12-01T15:30:56+08:00 ] ERR: (ThinkException) 非法操作:Fileinput
[ 2016-12-01T15:31:00+08:00 ] ERR: (ThinkException) 非法操作:Fileinput
[ 2016-12-01T15:31:00+08:00 ] ERR: (ThinkException) 非法操作:Fileinput
[ 2016-12-01T15:31:34+08:00 ] ERR: (ThinkException) 非法操作:Fileinput
[ 2016-12-01T15:31:34+08:00 ] ERR: (ThinkException) 非法操作:Fileinput
[ 2016-12-01T15:31:48+08:00 ] ERR: (ThinkException) 非法操作:Fileinput
[ 2016-12-01T15:31:48+08:00 ] ERR: (ThinkException) 非法操作:Fileinput
[ 2016-12-01T15:33:19+08:00 ] ERR: (ThinkException) 非法操作:Fileinput
[ 2016-12-01T15:33:19+08:00 ] ERR: (ThinkException) 非法操作:Fileinput
[ 2016-12-01T15:35:32+08:00 ] ERR: (ThinkException) 非法操作:Fileinput
[ 2016-12-01T15:35:32+08:00 ] ERR: (ThinkException) 非法操作:Fileinput
[ 2016-12-01T15:36:37+08:00 ] ERR: (ThinkException) 非法操作:Fileinput
[ 2016-12-01T15:36:37+08:00 ] ERR: (ThinkException) 非法操作:Fileinput
[ 2016-12-01T15:38:01+08:00 ] ERR: (ThinkException) 非法操作:Fileinput
[ 2016-12-01T15:38:01+08:00 ] ERR: (ThinkException) 非法操作:Fileinput
[ 2016-12-01T15:38:43+08:00 ] ERR: (ThinkException) 非法操作:Fileinput
[ 2016-12-01T15:38:43+08:00 ] ERR: (ThinkException) 非法操作:Fileinput
[ 2016-12-01T15:38:50+08:00 ] ERR: (ThinkException) 非法操作:Fileinput
[ 2016-12-01T15:38:50+08:00 ] ERR: (ThinkException) 非法操作:Fileinput
[ 2016-12-01T15:41:58+08:00 ] ERR: (ThinkException) 非法操作:Fileinput
[ 2016-12-01T15:41:58+08:00 ] ERR: (ThinkException) 非法操作:Fileinput
[ 2016-12-01T15:42:09+08:00 ] ERR: (ThinkException) 非法操作:Fileinput
[ 2016-12-01T15:42:09+08:00 ] ERR: (ThinkException) 非法操作:Fileinput
[ 2016-12-01T15:42:14+08:00 ] ERR: (ThinkException) 非法操作:Fileinput
[ 2016-12-01T15:42:14+08:00 ] ERR: (ThinkException) 非法操作:Fileinput
[ 2016-12-01T15:44:31+08:00 ] ERR: (ThinkException) 非法操作:Fileinput
[ 2016-12-01T15:44:31+08:00 ] ERR: (ThinkException) 非法操作:Fileinput
[ 2016-12-01T15:44:35+08:00 ] ERR: (ThinkException) 非法操作:Fileinput
[ 2016-12-01T15:44:35+08:00 ] ERR: (ThinkException) 非法操作:Fileinput
[ 2016-12-01T15:44:37+08:00 ] ERR: (ThinkException) 非法操作:Fileinput
[ 2016-12-01T15:44:37+08:00 ] ERR: (ThinkException) 非法操作:Fileinput
[ 2016-12-01T15:44:45+08:00 ] ERR: (ThinkException) 非法操作:Fileinput
[ 2016-12-01T15:44:45+08:00 ] ERR: (ThinkException) 非法操作:Fileinput
[ 2016-12-01T15:45:18+08:00 ] ERR: (ThinkException) 非法操作:Fileinput
[ 2016-12-01T15:45:18+08:00 ] ERR: (ThinkException) 非法操作:Fileinput
[ 2016-12-01T15:45:29+08:00 ] ERR: (ThinkException) 非法操作:Fileinput
[ 2016-12-01T15:45:29+08:00 ] ERR: (ThinkException) 非法操作:Fileinput
[ 2016-12-01T15:46:19+08:00 ] ERR: (ThinkException) 非法操作:Fileinput
[ 2016-12-01T15:46:19+08:00 ] ERR: (ThinkException) 非法操作:Fileinput
[ 2016-12-01T15:46:35+08:00 ] ERR: (ThinkException) 非法操作:Fileinput
[ 2016-12-01T15:46:35+08:00 ] ERR: (ThinkException) 非法操作:Fileinput
[ 2016-12-01T15:47:26+08:00 ] ERR: (ThinkException) 非法操作:Fileinput
[ 2016-12-01T15:47:26+08:00 ] ERR: (ThinkException) 非法操作:Fileinput
[ 2016-12-01T15:49:05+08:00 ] ERR: (ThinkException) 非法操作:Fileinput
[ 2016-12-01T15:49:05+08:00 ] ERR: (ThinkException) 非法操作:Fileinput
[ 2016-12-01T15:49:50+08:00 ] ERR: (ThinkException) 非法操作:Fileinput
[ 2016-12-01T15:49:50+08:00 ] ERR: (ThinkException) 非法操作:Fileinput
[ 2016-12-01T15:50:25+08:00 ] ERR: (ThinkException) 非法操作:Fileinput
[ 2016-12-01T15:50:25+08:00 ] ERR: (ThinkException) 非法操作:Fileinput
[ 2016-12-01T15:54:20+08:00 ] ERR: (ThinkException) 非法操作:Fileinput
[ 2016-12-01T15:54:20+08:00 ] ERR: (ThinkException) 非法操作:Fileinput
[ 2016-12-01T15:54:50+08:00 ] ERR: (ThinkException) 非法操作:Fileinput
[ 2016-12-01T15:54:50+08:00 ] ERR: (ThinkException) 非法操作:Fileinput
[ 2016-12-01T15:54:54+08:00 ] ERR: (ThinkException) 非法操作:Fileinput
[ 2016-12-01T15:54:54+08:00 ] ERR: (ThinkException) 非法操作:Fileinput
[ 2016-12-01T15:54:57+08:00 ] ERR: (ThinkException) 非法操作:Fileinput
[ 2016-12-01T15:54:57+08:00 ] ERR: (ThinkException) 非法操作:Fileinput
[ 2016-12-01T15:54:58+08:00 ] ERR: (ThinkException) 非法操作:Fileinput
[ 2016-12-01T15:54:58+08:00 ] ERR: (ThinkException) 非法操作:Fileinput
[ 2016-12-01T15:55:50+08:00 ] ERR: (ThinkException) 非法操作:Fileinput
[ 2016-12-01T15:55:50+08:00 ] ERR: (ThinkException) 非法操作:Fileinput
[ 2016-12-01T15:56:12+08:00 ] ERR: (ThinkException) 非法操作:Fileinput
[ 2016-12-01T15:56:12+08:00 ] ERR: (ThinkException) 非法操作:Fileinput
[ 2016-12-01T15:56:12+08:00 ] ERR: (ThinkException) 非法操作:Uploads
[ 2016-12-01T15:56:37+08:00 ] ERR: (ThinkException) 非法操作:Fileinput
[ 2016-12-01T15:56:37+08:00 ] ERR: (ThinkException) 非法操作:Fileinput
[ 2016-12-01T15:56:37+08:00 ] ERR: (ThinkException) 非法操作:img
[ 2016-12-01T15:57:01+08:00 ] ERR: (ThinkException) 非法操作:Fileinput
[ 2016-12-01T15:57:01+08:00 ] ERR: (ThinkException) 非法操作:Fileinput
[ 2016-12-01T15:57:01+08:00 ] ERR: (ThinkException) 非法操作:img
[ 2016-12-01T15:57:12+08:00 ] ERR: (ThinkException) 非法操作:img
[ 2016-12-01T15:57:48+08:00 ] ERR: (ThinkException) 非法操作:Fileinput
[ 2016-12-01T15:57:48+08:00 ] ERR: (ThinkException) 非法操作:Fileinput
[ 2016-12-01T15:58:43+08:00 ] ERR: (ThinkException) 非法操作:Fileinput
[ 2016-12-01T15:58:43+08:00 ] ERR: (ThinkException) 非法操作:Fileinput
[ 2016-12-01T15:58:53+08:00 ] ERR: (ThinkException) 非法操作:Fileinput
[ 2016-12-01T15:58:53+08:00 ] ERR: (ThinkException) 非法操作:Fileinput
[ 2016-12-01T15:58:58+08:00 ] ERR: (ThinkException) 非法操作:Fileinput
[ 2016-12-01T15:58:58+08:00 ] ERR: (ThinkException) 非法操作:Fileinput
[ 2016-12-01T16:00:05+08:00 ] ERR: (ThinkException) 非法操作:Fileinput
[ 2016-12-01T16:00:05+08:00 ] ERR: (ThinkException) 非法操作:Fileinput
[ 2016-12-01T16:00:30+08:00 ] ERR: (ThinkException) 非法操作:Fileinput
[ 2016-12-01T16:00:30+08:00 ] ERR: (ThinkException) 非法操作:Fileinput
[ 2016-12-01T16:00:31+08:00 ] ERR: (ThinkException) 非法操作:Fileinput
[ 2016-12-01T16:00:31+08:00 ] ERR: (ThinkException) 非法操作:Fileinput
[ 2016-12-01T16:01:06+08:00 ] ERR: (ThinkException) 非法操作:Fileinput
[ 2016-12-01T16:01:06+08:00 ] ERR: (ThinkException) 非法操作:Fileinput
[ 2016-12-01T16:01:29+08:00 ] ERR: (ThinkException) 非法操作:Fileinput
[ 2016-12-01T16:01:29+08:00 ] ERR: (ThinkException) 非法操作:Fileinput
[ 2016-12-01T16:01:51+08:00 ] ERR: (ThinkException) 非法操作:Fileinput
[ 2016-12-01T16:01:51+08:00 ] ERR: (ThinkException) 非法操作:Fileinput
[ 2016-12-01T16:02:38+08:00 ] ERR: (ThinkException) 非法操作:Fileinput
[ 2016-12-01T16:02:38+08:00 ] ERR: (ThinkException) 非法操作:Fileinput
[ 2016-12-01T16:02:38+08:00 ] ERR: (ThinkException) 非法操作:img2
[ 2016-12-01T16:02:48+08:00 ] ERR: (ThinkException) 非法操作:Fileinput
[ 2016-12-01T16:02:48+08:00 ] ERR: (ThinkException) 非法操作:Fileinput
[ 2016-12-01T16:03:40+08:00 ] ERR: (ThinkException) 非法操作:Fileinput
[ 2016-12-01T16:03:40+08:00 ] ERR: (ThinkException) 非法操作:Fileinput
[ 2016-12-01T16:03:51+08:00 ] ERR: (ThinkException) 非法操作:Fileinput
[ 2016-12-01T16:03:51+08:00 ] ERR: (ThinkException) 非法操作:Fileinput
[ 2016-12-01T16:04:10+08:00 ] ERR: (ThinkException) 非法操作:Fileinput
[ 2016-12-01T16:04:10+08:00 ] ERR: (ThinkException) 非法操作:Fileinput
[ 2016-12-01T16:04:46+08:00 ] ERR: (ThinkException) 非法操作:Fileinput
[ 2016-12-01T16:04:46+08:00 ] ERR: (ThinkException) 非法操作:Fileinput
[ 2016-12-01T16:04:58+08:00 ] ERR: (ThinkException) 非法操作:Fileinput
[ 2016-12-01T16:04:58+08:00 ] ERR: (ThinkException) 非法操作:Fileinput
[ 2016-12-01T16:05:01+08:00 ] ERR: (ThinkException) 非法操作:Fileinput
[ 2016-12-01T16:05:01+08:00 ] ERR: (ThinkException) 非法操作:Fileinput
[ 2016-12-01T16:05:34+08:00 ] ERR: (ThinkException) 非法操作:Fileinput
[ 2016-12-01T16:05:34+08:00 ] ERR: (ThinkException) 非法操作:Fileinput
[ 2016-12-01T16:05:45+08:00 ] ERR: (ThinkException) 非法操作:Fileinput
[ 2016-12-01T16:05:45+08:00 ] ERR: (ThinkException) 非法操作:Fileinput
[ 2016-12-01T16:06:04+08:00 ] ERR: (ThinkException) 非法操作:Fileinput
[ 2016-12-01T16:06:04+08:00 ] ERR: (ThinkException) 非法操作:Fileinput
[ 2016-12-01T16:07:24+08:00 ] ERR: (ThinkException) 非法操作:Fileinput
[ 2016-12-01T16:07:25+08:00 ] ERR: (ThinkException) 非法操作:Fileinput
[ 2016-12-01T16:07:34+08:00 ] ERR: (ThinkException) 非法操作:Fileinput
[ 2016-12-01T16:07:34+08:00 ] ERR: (ThinkException) 非法操作:Fileinput
[ 2016-12-01T16:07:36+08:00 ] ERR: (ThinkException) 非法操作:Fileinput
[ 2016-12-01T16:07:36+08:00 ] ERR: (ThinkException) 非法操作:Fileinput
[ 2016-12-01T16:07:50+08:00 ] ERR: (ThinkException) 非法操作:Fileinput
[ 2016-12-01T16:07:50+08:00 ] ERR: (ThinkException) 非法操作:Fileinput
[ 2016-12-01T16:09:51+08:00 ] ERR: (ThinkException) 非法操作:Fileinput
[ 2016-12-01T16:09:51+08:00 ] ERR: (ThinkException) 非法操作:Fileinput
[ 2016-12-01T16:10:45+08:00 ] ERR: (ThinkException) 非法操作:Fileinput
[ 2016-12-01T16:10:45+08:00 ] ERR: (ThinkException) 非法操作:Uploads
[ 2016-12-01T16:10:45+08:00 ] ERR: (ThinkException) 非法操作:Fileinput
[ 2016-12-01T16:10:45+08:00 ] ERR: (ThinkException) 非法操作:Uploads
[ 2016-12-01T16:11:07+08:00 ] ERR: (ThinkException) 非法操作:Fileinput
[ 2016-12-01T16:11:07+08:00 ] ERR: (ThinkException) 非法操作:Fileinput
[ 2016-12-01T16:11:59+08:00 ] ERR: (ThinkException) 非法操作:Fileinput
[ 2016-12-01T16:11:59+08:00 ] ERR: (ThinkException) 非法操作:Fileinput
[ 2016-12-01T16:11:59+08:00 ] ERR: (ThinkException) 非法操作:Uploads
[ 2016-12-01T16:12:02+08:00 ] ERR: (ThinkException) 非法操作:Fileinput
[ 2016-12-01T16:12:02+08:00 ] ERR: (ThinkException) 非法操作:Fileinput
[ 2016-12-01T16:12:13+08:00 ] ERR: (ThinkException) 非法操作:Fileinput
[ 2016-12-01T16:12:13+08:00 ] ERR: (ThinkException) 非法操作:Fileinput
[ 2016-12-01T16:12:39+08:00 ] ERR: (ThinkException) 非法操作:Fileinput
[ 2016-12-01T16:12:39+08:00 ] ERR: (ThinkException) 非法操作:Uploads
[ 2016-12-01T16:12:39+08:00 ] ERR: (ThinkException) 非法操作:Fileinput
[ 2016-12-01T16:12:39+08:00 ] ERR: (ThinkException) 非法操作:Uploads
[ 2016-12-01T16:12:42+08:00 ] ERR: (ThinkException) 非法操作:Fileinput
[ 2016-12-01T16:12:42+08:00 ] ERR: (ThinkException) 非法操作:Fileinput
[ 2016-12-01T16:12:44+08:00 ] ERR: (ThinkException) 非法操作:Fileinput
[ 2016-12-01T16:12:44+08:00 ] ERR: (ThinkException) 非法操作:Fileinput
[ 2016-12-01T16:12:46+08:00 ] ERR: (ThinkException) 非法操作:Fileinput
[ 2016-12-01T16:12:46+08:00 ] ERR: (ThinkException) 非法操作:Fileinput
[ 2016-12-01T16:12:48+08:00 ] ERR: (ThinkException) 非法操作:Fileinput
[ 2016-12-01T16:12:48+08:00 ] ERR: (ThinkException) 非法操作:Fileinput
[ 2016-12-01T16:12:50+08:00 ] ERR: (ThinkException) 非法操作:Fileinput
[ 2016-12-01T16:12:50+08:00 ] ERR: (ThinkException) 非法操作:Fileinput
[ 2016-12-01T16:12:53+08:00 ] ERR: (ThinkException) 非法操作:Fileinput
[ 2016-12-01T16:12:53+08:00 ] ERR: (ThinkException) 非法操作:Fileinput
[ 2016-12-01T16:12:57+08:00 ] ERR: (ThinkException) 非法操作:Fileinput
[ 2016-12-01T16:12:57+08:00 ] ERR: (ThinkException) 非法操作:Fileinput
[ 2016-12-01T16:14:09+08:00 ] ERR: (ThinkException) 非法操作:Fileinput
[ 2016-12-01T16:14:09+08:00 ] ERR: (ThinkException) 非法操作:Fileinput
[ 2016-12-01T16:15:03+08:00 ] ERR: (ThinkException) 非法操作:Fileinput
[ 2016-12-01T16:15:03+08:00 ] ERR: (ThinkException) 非法操作:Fileinput
[ 2016-12-01T16:15:20+08:00 ] ERR: (ThinkException) 非法操作:Fileinput
[ 2016-12-01T16:15:20+08:00 ] ERR: (ThinkException) 非法操作:Fileinput
[ 2016-12-01T16:15:25+08:00 ] ERR: (ThinkException) 非法操作:Fileinput
[ 2016-12-01T16:15:25+08:00 ] ERR: (ThinkException) 非法操作:Fileinput
[ 2016-12-01T16:15:25+08:00 ] ERR: (ThinkException) 非法操作:Uploads
[ 2016-12-01T16:15:55+08:00 ] ERR: (ThinkException) 非法操作:Fileinput
[ 2016-12-01T16:15:55+08:00 ] ERR: (ThinkException) 非法操作:Fileinput
[ 2016-12-01T16:16:02+08:00 ] ERR: (ThinkException) 非法操作:Fileinput
[ 2016-12-01T16:16:02+08:00 ] ERR: (ThinkException) 非法操作:Fileinput
[ 2016-12-01T16:16:07+08:00 ] ERR: (ThinkException) 非法操作:Fileinput
[ 2016-12-01T16:16:07+08:00 ] ERR: (ThinkException) 非法操作:Fileinput
[ 2016-12-01T16:16:07+08:00 ] ERR: (ThinkException) 非法操作:Uploads
[ 2016-12-01T16:16:53+08:00 ] ERR: (ThinkException) 非法操作:Fileinput
[ 2016-12-01T16:16:53+08:00 ] ERR: (ThinkException) 非法操作:Fileinput
[ 2016-12-01T16:16:55+08:00 ] ERR: (ThinkException) 非法操作:Fileinput
[ 2016-12-01T16:16:55+08:00 ] ERR: (ThinkException) 非法操作:Fileinput
[ 2016-12-01T16:16:58+08:00 ] ERR: (ThinkException) 非法操作:Fileinput
[ 2016-12-01T16:16:58+08:00 ] ERR: (ThinkException) 非法操作:Fileinput
[ 2016-12-01T16:17:01+08:00 ] ERR: (ThinkException) 非法操作:Fileinput
[ 2016-12-01T16:17:01+08:00 ] ERR: (ThinkException) 非法操作:Fileinput
[ 2016-12-01T16:17:06+08:00 ] ERR: (ThinkException) 非法操作:Fileinput
[ 2016-12-01T16:17:06+08:00 ] ERR: (ThinkException) 非法操作:Fileinput
[ 2016-12-01T16:17:08+08:00 ] ERR: (ThinkException) 非法操作:Fileinput
[ 2016-12-01T16:17:08+08:00 ] ERR: (ThinkException) 非法操作:Fileinput
[ 2016-12-01T16:17:18+08:00 ] ERR: (ThinkException) 非法操作:Fileinput
[ 2016-12-01T16:17:18+08:00 ] ERR: (ThinkException) 非法操作:Fileinput
[ 2016-12-01T16:17:30+08:00 ] ERR: (ThinkException) 非法操作:Fileinput
[ 2016-12-01T16:17:30+08:00 ] ERR: (ThinkException) 非法操作:Fileinput
[ 2016-12-01T16:17:33+08:00 ] ERR: (ThinkException) 非法操作:Fileinput
[ 2016-12-01T16:17:33+08:00 ] ERR: (ThinkException) 非法操作:Fileinput
[ 2016-12-01T16:17:37+08:00 ] ERR: (ThinkException) 非法操作:Fileinput
[ 2016-12-01T16:17:37+08:00 ] ERR: (ThinkException) 非法操作:Fileinput
[ 2016-12-01T16:18:08+08:00 ] ERR: (ThinkException) 非法操作:Fileinput
[ 2016-12-01T16:18:08+08:00 ] ERR: (ThinkException) 非法操作:Fileinput
[ 2016-12-01T16:18:18+08:00 ] ERR: (ThinkException) 非法操作:Fileinput
[ 2016-12-01T16:18:18+08:00 ] ERR: (ThinkException) 非法操作:Fileinput
[ 2016-12-01T16:18:25+08:00 ] ERR: (ThinkException) 非法操作:Fileinput
[ 2016-12-01T16:18:25+08:00 ] ERR: (ThinkException) 非法操作:Fileinput
[ 2016-12-01T16:18:36+08:00 ] ERR: (ThinkException) 非法操作:Fileinput
[ 2016-12-01T16:18:36+08:00 ] ERR: (ThinkException) 非法操作:Fileinput
[ 2016-12-01T16:18:53+08:00 ] ERR: (ThinkException) 非法操作:Fileinput
[ 2016-12-01T16:18:53+08:00 ] ERR: (ThinkException) 非法操作:Fileinput
[ 2016-12-01T16:19:02+08:00 ] ERR: (ThinkException) 非法操作:Fileinput
[ 2016-12-01T16:19:02+08:00 ] ERR: (ThinkException) 非法操作:Fileinput
[ 2016-12-01T16:19:12+08:00 ] ERR: (ThinkException) 非法操作:Fileinput
[ 2016-12-01T16:19:12+08:00 ] ERR: (ThinkException) 非法操作:Fileinput
[ 2016-12-01T16:19:17+08:00 ] ERR: (ThinkException) 非法操作:Fileinput
[ 2016-12-01T16:19:17+08:00 ] ERR: (ThinkException) 非法操作:Fileinput
[ 2016-12-01T16:19:19+08:00 ] ERR: (ThinkException) 非法操作:Fileinput
[ 2016-12-01T16:19:19+08:00 ] ERR: (ThinkException) 非法操作:Fileinput
[ 2016-12-01T16:19:24+08:00 ] ERR: (ThinkException) 非法操作:Fileinput
[ 2016-12-01T16:19:24+08:00 ] ERR: (ThinkException) 非法操作:Fileinput
[ 2016-12-01T16:19:32+08:00 ] ERR: (ThinkException) 非法操作:Fileinput
[ 2016-12-01T16:19:32+08:00 ] ERR: (ThinkException) 非法操作:Fileinput
[ 2016-12-01T16:19:53+08:00 ] ERR: (ThinkException) 非法操作:Fileinput
[ 2016-12-01T16:19:53+08:00 ] ERR: (ThinkException) 非法操作:Fileinput
[ 2016-12-01T16:19:57+08:00 ] ERR: (ThinkException) 非法操作:Fileinput
[ 2016-12-01T16:19:57+08:00 ] ERR: (ThinkException) 非法操作:Fileinput
[ 2016-12-01T16:19:59+08:00 ] ERR: (ThinkException) 非法操作:Fileinput
[ 2016-12-01T16:19:59+08:00 ] ERR: (ThinkException) 非法操作:Fileinput
[ 2016-12-01T16:20:02+08:00 ] ERR: (ThinkException) 非法操作:Fileinput
[ 2016-12-01T16:20:02+08:00 ] ERR: (ThinkException) 非法操作:Fileinput
[ 2016-12-01T16:21:21+08:00 ] ERR: (ThinkException) 非法操作:Fileinput
[ 2016-12-01T16:21:21+08:00 ] ERR: (ThinkException) 非法操作:Fileinput
[ 2016-12-01T16:21:31+08:00 ] ERR: (ThinkException) 非法操作:Fileinput
[ 2016-12-01T16:21:31+08:00 ] ERR: (ThinkException) 非法操作:Fileinput
[ 2016-12-01T16:21:38+08:00 ] ERR: (ThinkException) 非法操作:Fileinput
[ 2016-12-01T16:21:38+08:00 ] ERR: (ThinkException) 非法操作:Fileinput
[ 2016-12-01T16:21:59+08:00 ] ERR: (ThinkException) 非法操作:Fileinput
[ 2016-12-01T16:21:59+08:00 ] ERR: (ThinkException) 非法操作:Fileinput
[ 2016-12-01T16:23:09+08:00 ] ERR: (ThinkException) 非法操作:Fileinput
[ 2016-12-01T16:23:09+08:00 ] ERR: (ThinkException) 非法操作:Fileinput
[ 2016-12-01T16:23:11+08:00 ] ERR: (ThinkException) 非法操作:Fileinput
[ 2016-12-01T16:23:11+08:00 ] ERR: (ThinkException) 非法操作:Fileinput
[ 2016-12-01T16:23:15+08:00 ] ERR: (ThinkException) 非法操作:Fileinput
[ 2016-12-01T16:23:15+08:00 ] ERR: (ThinkException) 非法操作:Fileinput
[ 2016-12-01T16:23:16+08:00 ] ERR: (ThinkException) 非法操作:Fileinput
[ 2016-12-01T16:23:16+08:00 ] ERR: (ThinkException) 非法操作:Fileinput
[ 2016-12-01T16:24:26+08:00 ] ERR: (ThinkException) 非法操作:Fileinput
[ 2016-12-01T16:24:26+08:00 ] ERR: (ThinkException) 非法操作:Fileinput
[ 2016-12-01T16:24:57+08:00 ] ERR: (ThinkException) 非法操作:Fileinput
[ 2016-12-01T16:24:57+08:00 ] ERR: (ThinkException) 非法操作:Fileinput
[ 2016-12-01T16:25:08+08:00 ] ERR: (ThinkException) 非法操作:Fileinput
[ 2016-12-01T16:25:08+08:00 ] ERR: (ThinkException) 非法操作:Fileinput
[ 2016-12-01T16:25:24+08:00 ] ERR: (ThinkException) 非法操作:Fileinput
[ 2016-12-01T16:25:24+08:00 ] ERR: (ThinkException) 非法操作:Fileinput
[ 2016-12-01T16:25:28+08:00 ] ERR: (ThinkException) 非法操作:Fileinput
[ 2016-12-01T16:25:28+08:00 ] ERR: (ThinkException) 非法操作:Fileinput
[ 2016-12-01T16:25:30+08:00 ] ERR: (ThinkException) 非法操作:Fileinput
[ 2016-12-01T16:25:30+08:00 ] ERR: (ThinkException) 非法操作:Fileinput
[ 2016-12-01T16:27:22+08:00 ] ERR: (ThinkException) 非法操作:Fileinput
[ 2016-12-01T16:27:22+08:00 ] ERR: (ThinkException) 非法操作:Fileinput
[ 2016-12-01T16:27:24+08:00 ] ERR: (ThinkException) 非法操作:Fileinput
[ 2016-12-01T16:27:24+08:00 ] ERR: (ThinkException) 非法操作:Fileinput
[ 2016-12-01T16:28:25+08:00 ] ERR: (ThinkException) 非法操作:Fileinput
[ 2016-12-01T16:28:25+08:00 ] ERR: (ThinkException) 非法操作:Fileinput
[ 2016-12-01T16:28:25+08:00 ] ERR: (ThinkException) 非法操作:583fdcbedb0d0
[ 2016-12-01T16:28:29+08:00 ] ERR: (ThinkException) 非法操作:Fileinput
[ 2016-12-01T16:28:29+08:00 ] ERR: (ThinkException) 非法操作:Fileinput
[ 2016-12-01T16:28:46+08:00 ] ERR: (ThinkException) 非法操作:Fileinput
[ 2016-12-01T16:28:46+08:00 ] ERR: (ThinkException) 非法操作:Fileinput
[ 2016-12-01T16:28:46+08:00 ] ERR: (ThinkException) 非法操作:583fdcbedb0d0
[ 2016-12-01T16:28:47+08:00 ] ERR: (ThinkException) 非法操作:Fileinput
[ 2016-12-01T16:28:47+08:00 ] ERR: (ThinkException) 非法操作:Fileinput
[ 2016-12-01T16:29:08+08:00 ] ERR: (ThinkException) 非法操作:Fileinput
[ 2016-12-01T16:29:08+08:00 ] ERR: (ThinkException) 非法操作:Fileinput
[ 2016-12-01T16:29:10+08:00 ] ERR: (ThinkException) 非法操作:Fileinput
[ 2016-12-01T16:29:10+08:00 ] ERR: (ThinkException) 非法操作:Fileinput
[ 2016-12-01T16:29:40+08:00 ] ERR: (ThinkException) 非法操作:Fileinput
[ 2016-12-01T16:29:40+08:00 ] ERR: (ThinkException) 非法操作:Fileinput
[ 2016-12-01T16:30:48+08:00 ] ERR: (ThinkException) 非法操作:Fileinput
[ 2016-12-01T16:30:48+08:00 ] ERR: (ThinkException) 非法操作:Fileinput
[ 2016-12-01T16:30:50+08:00 ] ERR: (ThinkException) 非法操作:Fileinput
[ 2016-12-01T16:30:50+08:00 ] ERR: (ThinkException) 非法操作:Fileinput
[ 2016-12-01T16:31:30+08:00 ] ERR: (ThinkException) 非法操作:Fileinput
[ 2016-12-01T16:31:30+08:00 ] ERR: (ThinkException) 非法操作:Fileinput
[ 2016-12-01T16:31:32+08:00 ] ERR: (ThinkException) 非法操作:Fileinput
[ 2016-12-01T16:31:32+08:00 ] ERR: (ThinkException) 非法操作:Fileinput
[ 2016-12-01T16:32:10+08:00 ] ERR: (ThinkException) 非法操作:Fileinput
[ 2016-12-01T16:32:10+08:00 ] ERR: (ThinkException) 非法操作:Fileinput
[ 2016-12-01T16:32:30+08:00 ] ERR: (ThinkException) 非法操作:Fileinput
[ 2016-12-01T16:32:30+08:00 ] ERR: (ThinkException) 非法操作:Fileinput
[ 2016-12-01T16:32:58+08:00 ] ERR: (ThinkException) 非法操作:Fileinput
[ 2016-12-01T16:32:58+08:00 ] ERR: (ThinkException) 非法操作:Fileinput
[ 2016-12-01T16:33:02+08:00 ] ERR: (ThinkException) 非法操作:Fileinput
[ 2016-12-01T16:33:02+08:00 ] ERR: (ThinkException) 非法操作:Fileinput
[ 2016-12-01T16:33:20+08:00 ] ERR: (ThinkException) 非法操作:Fileinput
[ 2016-12-01T16:33:20+08:00 ] ERR: (ThinkException) 非法操作:Fileinput
[ 2016-12-01T16:33:38+08:00 ] ERR: (ThinkException) 非法操作:Fileinput
[ 2016-12-01T16:33:38+08:00 ] ERR: (ThinkException) 非法操作:Fileinput
[ 2016-12-01T16:36:27+08:00 ] ERR: (ThinkException) 非法操作:Fileinput
[ 2016-12-01T16:36:27+08:00 ] ERR: (ThinkException) 非法操作:Fileinput
[ 2016-12-01T16:37:44+08:00 ] ERR: (ThinkException) 非法操作:reply
[ 2016-12-01T16:37:55+08:00 ] ERR: (ThinkException) 非法操作:Fileinput
[ 2016-12-01T16:37:55+08:00 ] ERR: (ThinkException) 非法操作:Fileinput
[ 2016-12-01T16:38:06+08:00 ] ERR: (ThinkException) 非法操作:Fileinput
[ 2016-12-01T16:38:06+08:00 ] ERR: (ThinkException) 非法操作:Fileinput
[ 2016-12-01T16:38:09+08:00 ] ERR: (ThinkException) 非法操作:Fileinput
[ 2016-12-01T16:38:09+08:00 ] ERR: (ThinkException) 非法操作:Fileinput
[ 2016-12-01T16:42:42+08:00 ] ERR: (ThinkException) 非法操作:Fileinput
[ 2016-12-01T16:42:42+08:00 ] ERR: (ThinkException) 非法操作:Fileinput
[ 2016-12-01T16:45:44+08:00 ] ERR: (ThinkException) 非法操作:Fileinput
[ 2016-12-01T16:45:44+08:00 ] ERR: (ThinkException) 非法操作:Fileinput
[ 2016-12-01T16:54:53+08:00 ] ERR: (ThinkException) 非法操作:Fileinput
[ 2016-12-01T16:54:53+08:00 ] ERR: (ThinkException) 非法操作:Fileinput
[ 2016-12-01T16:55:06+08:00 ] ERR: (ThinkException) 非法操作:Fileinput
[ 2016-12-01T16:55:06+08:00 ] ERR: (ThinkException) 非法操作:Fileinput
