[ 2016-11-29T11:47:55+08:00 ] ERR: (ThinkException) 非法操作:do_register
[ 2016-11-29T14:33:11+08:00 ] 0.0.0.0 /myThinkPHP/index.php/Register/checkName
INFO: [ app_begin ] --START--
INFO: Run ReadHtmlCache Behavior [ RunTime:0.000000s ]
INFO: [ app_begin ] --END-- [ RunTime:0.000000s ]
NOTIC: [8] Undefined index: username F:\wamp\wamp\www\myThinkPHP\Home\Lib\Action\RegisterAction.class.php 第 31 行.

[ 2016-11-29T14:34:44+08:00 ] 0.0.0.0 /myThinkPHP/index.php/Register/checkName
INFO: [ app_begin ] --START--
INFO: Run ReadHtmlCache Behavior [ RunTime:0.001000s ]
INFO: [ app_begin ] --END-- [ RunTime:0.001000s ]
NOTIC: [8] Undefined index: username F:\wamp\wamp\www\myThinkPHP\Home\Lib\Action\RegisterAction.class.php 第 31 行.
NOTIC: [8192] mysql_connect(): The mysql extension is deprecated and will be removed in the future: use mysqli or PDO instead F:\wamp\wamp\www\myThinkPHP\ThinkPHP\Lib\Driver\Db\DbMysql.class.php 第 55 行.
SQL: SHOW COLUMNS FROM `tp_user` [ RunTime:0.002000s ]
NOTIC: [8192] preg_replace(): The /e modifier is deprecated, use preg_replace_callback instead F:\wamp\wamp\www\myThinkPHP\ThinkPHP\Lib\Core\Db.class.php 第 568 行.
SQL: SELECT COUNT(*) AS tp_count FROM `tp_user` WHERE ( `username` = null ) LIMIT 1   [ RunTime:0.001001s ]

[ 2016-11-29T14:34:51+08:00 ] 0.0.0.0 /myThinkPHP/index.php/Register/checkName
INFO: [ app_begin ] --START--
INFO: Run ReadHtmlCache Behavior [ RunTime:0.001000s ]
INFO: [ app_begin ] --END-- [ RunTime:0.001000s ]
NOTIC: [8] Undefined index: username F:\wamp\wamp\www\myThinkPHP\Home\Lib\Action\RegisterAction.class.php 第 31 行.
NOTIC: [8192] mysql_connect(): The mysql extension is deprecated and will be removed in the future: use mysqli or PDO instead F:\wamp\wamp\www\myThinkPHP\ThinkPHP\Lib\Driver\Db\DbMysql.class.php 第 55 行.
SQL: SHOW COLUMNS FROM `tp_user` [ RunTime:0.002000s ]
NOTIC: [8192] preg_replace(): The /e modifier is deprecated, use preg_replace_callback instead F:\wamp\wamp\www\myThinkPHP\ThinkPHP\Lib\Core\Db.class.php 第 568 行.
SQL: SELECT COUNT(*) AS tp_count FROM `tp_user` WHERE ( `username` = null ) LIMIT 1   [ RunTime:0.000000s ]

[ 2016-11-29T14:35:13+08:00 ] 0.0.0.0 /myThinkPHP/index.php/Register/checkName
INFO: [ app_begin ] --START--
INFO: Run ReadHtmlCache Behavior [ RunTime:0.000000s ]
INFO: [ app_begin ] --END-- [ RunTime:0.000000s ]
NOTIC: [8] Undefined index: username F:\wamp\wamp\www\myThinkPHP\Home\Lib\Action\RegisterAction.class.php 第 31 行.
NOTIC: [8192] mysql_connect(): The mysql extension is deprecated and will be removed in the future: use mysqli or PDO instead F:\wamp\wamp\www\myThinkPHP\ThinkPHP\Lib\Driver\Db\DbMysql.class.php 第 55 行.
SQL: SHOW COLUMNS FROM `tp_user` [ RunTime:0.000000s ]
NOTIC: [8192] preg_replace(): The /e modifier is deprecated, use preg_replace_callback instead F:\wamp\wamp\www\myThinkPHP\ThinkPHP\Lib\Core\Db.class.php 第 568 行.
SQL: SELECT COUNT(*) AS tp_count FROM `tp_user` WHERE ( `username` = null ) LIMIT 1   [ RunTime:0.000000s ]

[ 2016-11-29T14:35:18+08:00 ] 0.0.0.0 /myThinkPHP/index.php/Register/checkName
INFO: [ app_begin ] --START--
INFO: Run ReadHtmlCache Behavior [ RunTime:0.000000s ]
INFO: [ app_begin ] --END-- [ RunTime:0.000000s ]
NOTIC: [8] Undefined index: username F:\wamp\wamp\www\myThinkPHP\Home\Lib\Action\RegisterAction.class.php 第 31 行.
NOTIC: [8192] mysql_connect(): The mysql extension is deprecated and will be removed in the future: use mysqli or PDO instead F:\wamp\wamp\www\myThinkPHP\ThinkPHP\Lib\Driver\Db\DbMysql.class.php 第 55 行.
SQL: SHOW COLUMNS FROM `tp_user` [ RunTime:0.003000s ]
NOTIC: [8192] preg_replace(): The /e modifier is deprecated, use preg_replace_callback instead F:\wamp\wamp\www\myThinkPHP\ThinkPHP\Lib\Core\Db.class.php 第 568 行.
SQL: SELECT COUNT(*) AS tp_count FROM `tp_user` WHERE ( `username` = null ) LIMIT 1   [ RunTime:0.000000s ]

[ 2016-11-29T14:35:21+08:00 ] 0.0.0.0 /myThinkPHP/index.php/Register/checkName
INFO: [ app_begin ] --START--
INFO: Run ReadHtmlCache Behavior [ RunTime:0.000000s ]
INFO: [ app_begin ] --END-- [ RunTime:0.000000s ]
NOTIC: [8] Undefined index: username F:\wamp\wamp\www\myThinkPHP\Home\Lib\Action\RegisterAction.class.php 第 31 行.
NOTIC: [8192] mysql_connect(): The mysql extension is deprecated and will be removed in the future: use mysqli or PDO instead F:\wamp\wamp\www\myThinkPHP\ThinkPHP\Lib\Driver\Db\DbMysql.class.php 第 55 行.
SQL: SHOW COLUMNS FROM `tp_user` [ RunTime:0.002000s ]
NOTIC: [8192] preg_replace(): The /e modifier is deprecated, use preg_replace_callback instead F:\wamp\wamp\www\myThinkPHP\ThinkPHP\Lib\Core\Db.class.php 第 568 行.
SQL: SELECT COUNT(*) AS tp_count FROM `tp_user` WHERE ( `username` = null ) LIMIT 1   [ RunTime:0.000000s ]

[ 2016-11-29T14:35:22+08:00 ] 0.0.0.0 /myThinkPHP/index.php/Register/checkName
INFO: [ app_begin ] --START--
INFO: Run ReadHtmlCache Behavior [ RunTime:0.000000s ]
INFO: [ app_begin ] --END-- [ RunTime:0.000000s ]
NOTIC: [8] Undefined index: username F:\wamp\wamp\www\myThinkPHP\Home\Lib\Action\RegisterAction.class.php 第 31 行.
NOTIC: [8192] mysql_connect(): The mysql extension is deprecated and will be removed in the future: use mysqli or PDO instead F:\wamp\wamp\www\myThinkPHP\ThinkPHP\Lib\Driver\Db\DbMysql.class.php 第 55 行.
SQL: SHOW COLUMNS FROM `tp_user` [ RunTime:0.002000s ]
NOTIC: [8192] preg_replace(): The /e modifier is deprecated, use preg_replace_callback instead F:\wamp\wamp\www\myThinkPHP\ThinkPHP\Lib\Core\Db.class.php 第 568 行.
SQL: SELECT COUNT(*) AS tp_count FROM `tp_user` WHERE ( `username` = null ) LIMIT 1   [ RunTime:0.000000s ]

[ 2016-11-29T14:35:23+08:00 ] 0.0.0.0 /myThinkPHP/index.php/Register/checkName
INFO: [ app_begin ] --START--
INFO: Run ReadHtmlCache Behavior [ RunTime:0.000000s ]
INFO: [ app_begin ] --END-- [ RunTime:0.000000s ]
NOTIC: [8] Undefined index: username F:\wamp\wamp\www\myThinkPHP\Home\Lib\Action\RegisterAction.class.php 第 31 行.
NOTIC: [8192] mysql_connect(): The mysql extension is deprecated and will be removed in the future: use mysqli or PDO instead F:\wamp\wamp\www\myThinkPHP\ThinkPHP\Lib\Driver\Db\DbMysql.class.php 第 55 行.
SQL: SHOW COLUMNS FROM `tp_user` [ RunTime:0.015600s ]
NOTIC: [8192] preg_replace(): The /e modifier is deprecated, use preg_replace_callback instead F:\wamp\wamp\www\myThinkPHP\ThinkPHP\Lib\Core\Db.class.php 第 568 行.
SQL: SELECT COUNT(*) AS tp_count FROM `tp_user` WHERE ( `username` = null ) LIMIT 1   [ RunTime:0.000000s ]

[ 2016-11-29T14:35:23+08:00 ] 0.0.0.0 /myThinkPHP/index.php/Register/checkName
INFO: [ app_begin ] --START--
INFO: Run ReadHtmlCache Behavior [ RunTime:0.000000s ]
INFO: [ app_begin ] --END-- [ RunTime:0.000000s ]
NOTIC: [8] Undefined index: username F:\wamp\wamp\www\myThinkPHP\Home\Lib\Action\RegisterAction.class.php 第 31 行.
NOTIC: [8192] mysql_connect(): The mysql extension is deprecated and will be removed in the future: use mysqli or PDO instead F:\wamp\wamp\www\myThinkPHP\ThinkPHP\Lib\Driver\Db\DbMysql.class.php 第 55 行.
SQL: SHOW COLUMNS FROM `tp_user` [ RunTime:0.002001s ]
NOTIC: [8192] preg_replace(): The /e modifier is deprecated, use preg_replace_callback instead F:\wamp\wamp\www\myThinkPHP\ThinkPHP\Lib\Core\Db.class.php 第 568 行.
SQL: SELECT COUNT(*) AS tp_count FROM `tp_user` WHERE ( `username` = null ) LIMIT 1   [ RunTime:0.000000s ]

[ 2016-11-29T14:35:23+08:00 ] 0.0.0.0 /myThinkPHP/index.php/Register/checkName
INFO: [ app_begin ] --START--
INFO: Run ReadHtmlCache Behavior [ RunTime:0.000000s ]
INFO: [ app_begin ] --END-- [ RunTime:0.001000s ]
NOTIC: [8] Undefined index: username F:\wamp\wamp\www\myThinkPHP\Home\Lib\Action\RegisterAction.class.php 第 31 行.
NOTIC: [8192] mysql_connect(): The mysql extension is deprecated and will be removed in the future: use mysqli or PDO instead F:\wamp\wamp\www\myThinkPHP\ThinkPHP\Lib\Driver\Db\DbMysql.class.php 第 55 行.
SQL: SHOW COLUMNS FROM `tp_user` [ RunTime:0.002000s ]
NOTIC: [8192] preg_replace(): The /e modifier is deprecated, use preg_replace_callback instead F:\wamp\wamp\www\myThinkPHP\ThinkPHP\Lib\Core\Db.class.php 第 568 行.
SQL: SELECT COUNT(*) AS tp_count FROM `tp_user` WHERE ( `username` = null ) LIMIT 1   [ RunTime:0.000000s ]

[ 2016-11-29T14:35:24+08:00 ] 0.0.0.0 /myThinkPHP/index.php/Register/checkName
INFO: [ app_begin ] --START--
INFO: Run ReadHtmlCache Behavior [ RunTime:0.000000s ]
INFO: [ app_begin ] --END-- [ RunTime:0.001000s ]
NOTIC: [8] Undefined index: username F:\wamp\wamp\www\myThinkPHP\Home\Lib\Action\RegisterAction.class.php 第 31 行.
NOTIC: [8192] mysql_connect(): The mysql extension is deprecated and will be removed in the future: use mysqli or PDO instead F:\wamp\wamp\www\myThinkPHP\ThinkPHP\Lib\Driver\Db\DbMysql.class.php 第 55 行.
SQL: SHOW COLUMNS FROM `tp_user` [ RunTime:0.002000s ]
NOTIC: [8192] preg_replace(): The /e modifier is deprecated, use preg_replace_callback instead F:\wamp\wamp\www\myThinkPHP\ThinkPHP\Lib\Core\Db.class.php 第 568 行.
SQL: SELECT COUNT(*) AS tp_count FROM `tp_user` WHERE ( `username` = null ) LIMIT 1   [ RunTime:0.000000s ]

[ 2016-11-29T14:35:24+08:00 ] 0.0.0.0 /myThinkPHP/index.php/Register/checkName
INFO: [ app_begin ] --START--
INFO: Run ReadHtmlCache Behavior [ RunTime:0.001000s ]
INFO: [ app_begin ] --END-- [ RunTime:0.001000s ]
NOTIC: [8] Undefined index: username F:\wamp\wamp\www\myThinkPHP\Home\Lib\Action\RegisterAction.class.php 第 31 行.
NOTIC: [8192] mysql_connect(): The mysql extension is deprecated and will be removed in the future: use mysqli or PDO instead F:\wamp\wamp\www\myThinkPHP\ThinkPHP\Lib\Driver\Db\DbMysql.class.php 第 55 行.
SQL: SHOW COLUMNS FROM `tp_user` [ RunTime:0.003001s ]
NOTIC: [8192] preg_replace(): The /e modifier is deprecated, use preg_replace_callback instead F:\wamp\wamp\www\myThinkPHP\ThinkPHP\Lib\Core\Db.class.php 第 568 行.
SQL: SELECT COUNT(*) AS tp_count FROM `tp_user` WHERE ( `username` = null ) LIMIT 1   [ RunTime:0.001000s ]

[ 2016-11-29T14:35:24+08:00 ] 0.0.0.0 /myThinkPHP/index.php/Register/checkName
INFO: [ app_begin ] --START--
INFO: Run ReadHtmlCache Behavior [ RunTime:0.000000s ]
INFO: [ app_begin ] --END-- [ RunTime:0.001000s ]
NOTIC: [8] Undefined index: username F:\wamp\wamp\www\myThinkPHP\Home\Lib\Action\RegisterAction.class.php 第 31 行.
NOTIC: [8192] mysql_connect(): The mysql extension is deprecated and will be removed in the future: use mysqli or PDO instead F:\wamp\wamp\www\myThinkPHP\ThinkPHP\Lib\Driver\Db\DbMysql.class.php 第 55 行.
SQL: SHOW COLUMNS FROM `tp_user` [ RunTime:0.002000s ]
NOTIC: [8192] preg_replace(): The /e modifier is deprecated, use preg_replace_callback instead F:\wamp\wamp\www\myThinkPHP\ThinkPHP\Lib\Core\Db.class.php 第 568 行.
SQL: SELECT COUNT(*) AS tp_count FROM `tp_user` WHERE ( `username` = null ) LIMIT 1   [ RunTime:0.000000s ]

[ 2016-11-29T14:35:27+08:00 ] 0.0.0.0 /myThinkPHP/index.php/Register/checkName
INFO: [ app_begin ] --START--
INFO: Run ReadHtmlCache Behavior [ RunTime:0.000000s ]
INFO: [ app_begin ] --END-- [ RunTime:0.000000s ]
NOTIC: [8] Undefined index: username F:\wamp\wamp\www\myThinkPHP\Home\Lib\Action\RegisterAction.class.php 第 31 行.
NOTIC: [8192] mysql_connect(): The mysql extension is deprecated and will be removed in the future: use mysqli or PDO instead F:\wamp\wamp\www\myThinkPHP\ThinkPHP\Lib\Driver\Db\DbMysql.class.php 第 55 行.
SQL: SHOW COLUMNS FROM `tp_user` [ RunTime:0.000000s ]
NOTIC: [8192] preg_replace(): The /e modifier is deprecated, use preg_replace_callback instead F:\wamp\wamp\www\myThinkPHP\ThinkPHP\Lib\Core\Db.class.php 第 568 行.
SQL: SELECT COUNT(*) AS tp_count FROM `tp_user` WHERE ( `username` = null ) LIMIT 1   [ RunTime:0.000000s ]

[ 2016-11-29T14:35:29+08:00 ] 0.0.0.0 /myThinkPHP/index.php/Register/checkName
INFO: [ app_begin ] --START--
INFO: Run ReadHtmlCache Behavior [ RunTime:0.000000s ]
INFO: [ app_begin ] --END-- [ RunTime:0.000000s ]
NOTIC: [8] Undefined index: username F:\wamp\wamp\www\myThinkPHP\Home\Lib\Action\RegisterAction.class.php 第 31 行.
NOTIC: [8192] mysql_connect(): The mysql extension is deprecated and will be removed in the future: use mysqli or PDO instead F:\wamp\wamp\www\myThinkPHP\ThinkPHP\Lib\Driver\Db\DbMysql.class.php 第 55 行.
SQL: SHOW COLUMNS FROM `tp_user` [ RunTime:0.002000s ]
NOTIC: [8192] preg_replace(): The /e modifier is deprecated, use preg_replace_callback instead F:\wamp\wamp\www\myThinkPHP\ThinkPHP\Lib\Core\Db.class.php 第 568 行.
SQL: SELECT COUNT(*) AS tp_count FROM `tp_user` WHERE ( `username` = null ) LIMIT 1   [ RunTime:0.000000s ]

[ 2016-11-29T14:35:32+08:00 ] 0.0.0.0 /myThinkPHP/index.php/Register/checkName
INFO: [ app_begin ] --START--
INFO: Run ReadHtmlCache Behavior [ RunTime:0.000000s ]
INFO: [ app_begin ] --END-- [ RunTime:0.000000s ]
NOTIC: [8] Undefined index: username F:\wamp\wamp\www\myThinkPHP\Home\Lib\Action\RegisterAction.class.php 第 31 行.
NOTIC: [8192] mysql_connect(): The mysql extension is deprecated and will be removed in the future: use mysqli or PDO instead F:\wamp\wamp\www\myThinkPHP\ThinkPHP\Lib\Driver\Db\DbMysql.class.php 第 55 行.
SQL: SHOW COLUMNS FROM `tp_user` [ RunTime:0.000000s ]
NOTIC: [8192] preg_replace(): The /e modifier is deprecated, use preg_replace_callback instead F:\wamp\wamp\www\myThinkPHP\ThinkPHP\Lib\Core\Db.class.php 第 568 行.
SQL: SELECT COUNT(*) AS tp_count FROM `tp_user` WHERE ( `username` = null ) LIMIT 1   [ RunTime:0.000000s ]

[ 2016-11-29T14:35:33+08:00 ] 0.0.0.0 /myThinkPHP/index.php/Register/checkName
INFO: [ app_begin ] --START--
INFO: Run ReadHtmlCache Behavior [ RunTime:0.001000s ]
INFO: [ app_begin ] --END-- [ RunTime:0.001000s ]
NOTIC: [8] Undefined index: username F:\wamp\wamp\www\myThinkPHP\Home\Lib\Action\RegisterAction.class.php 第 31 行.
NOTIC: [8192] mysql_connect(): The mysql extension is deprecated and will be removed in the future: use mysqli or PDO instead F:\wamp\wamp\www\myThinkPHP\ThinkPHP\Lib\Driver\Db\DbMysql.class.php 第 55 行.
SQL: SHOW COLUMNS FROM `tp_user` [ RunTime:0.003000s ]
NOTIC: [8192] preg_replace(): The /e modifier is deprecated, use preg_replace_callback instead F:\wamp\wamp\www\myThinkPHP\ThinkPHP\Lib\Core\Db.class.php 第 568 行.
SQL: SELECT COUNT(*) AS tp_count FROM `tp_user` WHERE ( `username` = null ) LIMIT 1   [ RunTime:0.001000s ]

[ 2016-11-29T14:35:33+08:00 ] 0.0.0.0 /myThinkPHP/index.php/Register/checkName
INFO: [ app_begin ] --START--
INFO: Run ReadHtmlCache Behavior [ RunTime:0.000000s ]
INFO: [ app_begin ] --END-- [ RunTime:0.000000s ]
NOTIC: [8] Undefined index: username F:\wamp\wamp\www\myThinkPHP\Home\Lib\Action\RegisterAction.class.php 第 31 行.
NOTIC: [8192] mysql_connect(): The mysql extension is deprecated and will be removed in the future: use mysqli or PDO instead F:\wamp\wamp\www\myThinkPHP\ThinkPHP\Lib\Driver\Db\DbMysql.class.php 第 55 行.
SQL: SHOW COLUMNS FROM `tp_user` [ RunTime:0.004000s ]
NOTIC: [8192] preg_replace(): The /e modifier is deprecated, use preg_replace_callback instead F:\wamp\wamp\www\myThinkPHP\ThinkPHP\Lib\Core\Db.class.php 第 568 行.
SQL: SELECT COUNT(*) AS tp_count FROM `tp_user` WHERE ( `username` = null ) LIMIT 1   [ RunTime:0.000000s ]

[ 2016-11-29T14:35:33+08:00 ] 0.0.0.0 /myThinkPHP/index.php/Register/checkName
INFO: [ app_begin ] --START--
INFO: Run ReadHtmlCache Behavior [ RunTime:0.001000s ]
INFO: [ app_begin ] --END-- [ RunTime:0.001000s ]
NOTIC: [8] Undefined index: username F:\wamp\wamp\www\myThinkPHP\Home\Lib\Action\RegisterAction.class.php 第 31 行.
NOTIC: [8192] mysql_connect(): The mysql extension is deprecated and will be removed in the future: use mysqli or PDO instead F:\wamp\wamp\www\myThinkPHP\ThinkPHP\Lib\Driver\Db\DbMysql.class.php 第 55 行.
SQL: SHOW COLUMNS FROM `tp_user` [ RunTime:0.003000s ]
NOTIC: [8192] preg_replace(): The /e modifier is deprecated, use preg_replace_callback instead F:\wamp\wamp\www\myThinkPHP\ThinkPHP\Lib\Core\Db.class.php 第 568 行.
SQL: SELECT COUNT(*) AS tp_count FROM `tp_user` WHERE ( `username` = null ) LIMIT 1   [ RunTime:0.000000s ]

[ 2016-11-29T14:35:33+08:00 ] 0.0.0.0 /myThinkPHP/index.php/Register/checkName
INFO: [ app_begin ] --START--
INFO: Run ReadHtmlCache Behavior [ RunTime:0.000000s ]
INFO: [ app_begin ] --END-- [ RunTime:0.001000s ]
NOTIC: [8] Undefined index: username F:\wamp\wamp\www\myThinkPHP\Home\Lib\Action\RegisterAction.class.php 第 31 行.
NOTIC: [8192] mysql_connect(): The mysql extension is deprecated and will be removed in the future: use mysqli or PDO instead F:\wamp\wamp\www\myThinkPHP\ThinkPHP\Lib\Driver\Db\DbMysql.class.php 第 55 行.
SQL: SHOW COLUMNS FROM `tp_user` [ RunTime:0.003000s ]
NOTIC: [8192] preg_replace(): The /e modifier is deprecated, use preg_replace_callback instead F:\wamp\wamp\www\myThinkPHP\ThinkPHP\Lib\Core\Db.class.php 第 568 行.
SQL: SELECT COUNT(*) AS tp_count FROM `tp_user` WHERE ( `username` = null ) LIMIT 1   [ RunTime:0.001000s ]

[ 2016-11-29T14:35:33+08:00 ] 0.0.0.0 /myThinkPHP/index.php/Register/checkName
INFO: [ app_begin ] --START--
INFO: Run ReadHtmlCache Behavior [ RunTime:0.001000s ]
INFO: [ app_begin ] --END-- [ RunTime:0.001000s ]
NOTIC: [8] Undefined index: username F:\wamp\wamp\www\myThinkPHP\Home\Lib\Action\RegisterAction.class.php 第 31 行.
NOTIC: [8192] mysql_connect(): The mysql extension is deprecated and will be removed in the future: use mysqli or PDO instead F:\wamp\wamp\www\myThinkPHP\ThinkPHP\Lib\Driver\Db\DbMysql.class.php 第 55 行.
SQL: SHOW COLUMNS FROM `tp_user` [ RunTime:0.002000s ]
NOTIC: [8192] preg_replace(): The /e modifier is deprecated, use preg_replace_callback instead F:\wamp\wamp\www\myThinkPHP\ThinkPHP\Lib\Core\Db.class.php 第 568 行.
SQL: SELECT COUNT(*) AS tp_count FROM `tp_user` WHERE ( `username` = null ) LIMIT 1   [ RunTime:0.000000s ]

[ 2016-11-29T14:35:33+08:00 ] 0.0.0.0 /myThinkPHP/index.php/Register/checkName
INFO: [ app_begin ] --START--
INFO: Run ReadHtmlCache Behavior [ RunTime:0.000000s ]
INFO: [ app_begin ] --END-- [ RunTime:0.000000s ]
NOTIC: [8] Undefined index: username F:\wamp\wamp\www\myThinkPHP\Home\Lib\Action\RegisterAction.class.php 第 31 行.
NOTIC: [8192] mysql_connect(): The mysql extension is deprecated and will be removed in the future: use mysqli or PDO instead F:\wamp\wamp\www\myThinkPHP\ThinkPHP\Lib\Driver\Db\DbMysql.class.php 第 55 行.
SQL: SHOW COLUMNS FROM `tp_user` [ RunTime:0.002000s ]
NOTIC: [8192] preg_replace(): The /e modifier is deprecated, use preg_replace_callback instead F:\wamp\wamp\www\myThinkPHP\ThinkPHP\Lib\Core\Db.class.php 第 568 行.
SQL: SELECT COUNT(*) AS tp_count FROM `tp_user` WHERE ( `username` = null ) LIMIT 1   [ RunTime:0.000000s ]

[ 2016-11-29T14:35:34+08:00 ] 0.0.0.0 /myThinkPHP/index.php/Register/checkName
INFO: [ app_begin ] --START--
INFO: Run ReadHtmlCache Behavior [ RunTime:0.000000s ]
INFO: [ app_begin ] --END-- [ RunTime:0.000000s ]
NOTIC: [8] Undefined index: username F:\wamp\wamp\www\myThinkPHP\Home\Lib\Action\RegisterAction.class.php 第 31 行.
NOTIC: [8192] mysql_connect(): The mysql extension is deprecated and will be removed in the future: use mysqli or PDO instead F:\wamp\wamp\www\myThinkPHP\ThinkPHP\Lib\Driver\Db\DbMysql.class.php 第 55 行.
SQL: SHOW COLUMNS FROM `tp_user` [ RunTime:0.002000s ]
NOTIC: [8192] preg_replace(): The /e modifier is deprecated, use preg_replace_callback instead F:\wamp\wamp\www\myThinkPHP\ThinkPHP\Lib\Core\Db.class.php 第 568 行.
SQL: SELECT COUNT(*) AS tp_count FROM `tp_user` WHERE ( `username` = null ) LIMIT 1   [ RunTime:0.001000s ]

[ 2016-11-29T14:35:34+08:00 ] 0.0.0.0 /myThinkPHP/index.php/Register/checkName
INFO: [ app_begin ] --START--
INFO: Run ReadHtmlCache Behavior [ RunTime:0.000000s ]
INFO: [ app_begin ] --END-- [ RunTime:0.000000s ]
NOTIC: [8] Undefined index: username F:\wamp\wamp\www\myThinkPHP\Home\Lib\Action\RegisterAction.class.php 第 31 行.
NOTIC: [8192] mysql_connect(): The mysql extension is deprecated and will be removed in the future: use mysqli or PDO instead F:\wamp\wamp\www\myThinkPHP\ThinkPHP\Lib\Driver\Db\DbMysql.class.php 第 55 行.
SQL: SHOW COLUMNS FROM `tp_user` [ RunTime:0.002000s ]
NOTIC: [8192] preg_replace(): The /e modifier is deprecated, use preg_replace_callback instead F:\wamp\wamp\www\myThinkPHP\ThinkPHP\Lib\Core\Db.class.php 第 568 行.
SQL: SELECT COUNT(*) AS tp_count FROM `tp_user` WHERE ( `username` = null ) LIMIT 1   [ RunTime:0.000000s ]

[ 2016-11-29T14:35:34+08:00 ] 0.0.0.0 /myThinkPHP/index.php/Register/checkName
INFO: [ app_begin ] --START--
INFO: Run ReadHtmlCache Behavior [ RunTime:0.001000s ]
INFO: [ app_begin ] --END-- [ RunTime:0.001000s ]
NOTIC: [8] Undefined index: username F:\wamp\wamp\www\myThinkPHP\Home\Lib\Action\RegisterAction.class.php 第 31 行.
NOTIC: [8192] mysql_connect(): The mysql extension is deprecated and will be removed in the future: use mysqli or PDO instead F:\wamp\wamp\www\myThinkPHP\ThinkPHP\Lib\Driver\Db\DbMysql.class.php 第 55 行.
SQL: SHOW COLUMNS FROM `tp_user` [ RunTime:0.002000s ]
NOTIC: [8192] preg_replace(): The /e modifier is deprecated, use preg_replace_callback instead F:\wamp\wamp\www\myThinkPHP\ThinkPHP\Lib\Core\Db.class.php 第 568 行.
SQL: SELECT COUNT(*) AS tp_count FROM `tp_user` WHERE ( `username` = null ) LIMIT 1   [ RunTime:0.000000s ]

[ 2016-11-29T14:35:34+08:00 ] 0.0.0.0 /myThinkPHP/index.php/Register/checkName
INFO: [ app_begin ] --START--
INFO: Run ReadHtmlCache Behavior [ RunTime:0.000000s ]
INFO: [ app_begin ] --END-- [ RunTime:0.000000s ]
NOTIC: [8] Undefined index: username F:\wamp\wamp\www\myThinkPHP\Home\Lib\Action\RegisterAction.class.php 第 31 行.
NOTIC: [8192] mysql_connect(): The mysql extension is deprecated and will be removed in the future: use mysqli or PDO instead F:\wamp\wamp\www\myThinkPHP\ThinkPHP\Lib\Driver\Db\DbMysql.class.php 第 55 行.
SQL: SHOW COLUMNS FROM `tp_user` [ RunTime:0.002000s ]
NOTIC: [8192] preg_replace(): The /e modifier is deprecated, use preg_replace_callback instead F:\wamp\wamp\www\myThinkPHP\ThinkPHP\Lib\Core\Db.class.php 第 568 行.
SQL: SELECT COUNT(*) AS tp_count FROM `tp_user` WHERE ( `username` = null ) LIMIT 1   [ RunTime:0.000000s ]

[ 2016-11-29T14:35:34+08:00 ] 0.0.0.0 /myThinkPHP/index.php/Register/checkName
INFO: [ app_begin ] --START--
INFO: Run ReadHtmlCache Behavior [ RunTime:0.000000s ]
INFO: [ app_begin ] --END-- [ RunTime:0.000000s ]
NOTIC: [8] Undefined index: username F:\wamp\wamp\www\myThinkPHP\Home\Lib\Action\RegisterAction.class.php 第 31 行.
NOTIC: [8192] mysql_connect(): The mysql extension is deprecated and will be removed in the future: use mysqli or PDO instead F:\wamp\wamp\www\myThinkPHP\ThinkPHP\Lib\Driver\Db\DbMysql.class.php 第 55 行.
SQL: SHOW COLUMNS FROM `tp_user` [ RunTime:0.002000s ]
NOTIC: [8192] preg_replace(): The /e modifier is deprecated, use preg_replace_callback instead F:\wamp\wamp\www\myThinkPHP\ThinkPHP\Lib\Core\Db.class.php 第 568 行.
SQL: SELECT COUNT(*) AS tp_count FROM `tp_user` WHERE ( `username` = null ) LIMIT 1   [ RunTime:0.000000s ]

[ 2016-11-29T14:35:34+08:00 ] 0.0.0.0 /myThinkPHP/index.php/Register/checkName
INFO: [ app_begin ] --START--
INFO: Run ReadHtmlCache Behavior [ RunTime:0.001000s ]
INFO: [ app_begin ] --END-- [ RunTime:0.001000s ]
NOTIC: [8] Undefined index: username F:\wamp\wamp\www\myThinkPHP\Home\Lib\Action\RegisterAction.class.php 第 31 行.
NOTIC: [8192] mysql_connect(): The mysql extension is deprecated and will be removed in the future: use mysqli or PDO instead F:\wamp\wamp\www\myThinkPHP\ThinkPHP\Lib\Driver\Db\DbMysql.class.php 第 55 行.
SQL: SHOW COLUMNS FROM `tp_user` [ RunTime:0.002001s ]
NOTIC: [8192] preg_replace(): The /e modifier is deprecated, use preg_replace_callback instead F:\wamp\wamp\www\myThinkPHP\ThinkPHP\Lib\Core\Db.class.php 第 568 行.
SQL: SELECT COUNT(*) AS tp_count FROM `tp_user` WHERE ( `username` = null ) LIMIT 1   [ RunTime:0.000000s ]

[ 2016-11-29T14:35:35+08:00 ] 0.0.0.0 /myThinkPHP/index.php/Register/checkName
INFO: [ app_begin ] --START--
INFO: Run ReadHtmlCache Behavior [ RunTime:0.000000s ]
INFO: [ app_begin ] --END-- [ RunTime:0.000000s ]
NOTIC: [8] Undefined index: username F:\wamp\wamp\www\myThinkPHP\Home\Lib\Action\RegisterAction.class.php 第 31 行.
NOTIC: [8192] mysql_connect(): The mysql extension is deprecated and will be removed in the future: use mysqli or PDO instead F:\wamp\wamp\www\myThinkPHP\ThinkPHP\Lib\Driver\Db\DbMysql.class.php 第 55 行.
SQL: SHOW COLUMNS FROM `tp_user` [ RunTime:0.002000s ]
NOTIC: [8192] preg_replace(): The /e modifier is deprecated, use preg_replace_callback instead F:\wamp\wamp\www\myThinkPHP\ThinkPHP\Lib\Core\Db.class.php 第 568 行.
SQL: SELECT COUNT(*) AS tp_count FROM `tp_user` WHERE ( `username` = null ) LIMIT 1   [ RunTime:0.000000s ]

[ 2016-11-29T14:35:35+08:00 ] 0.0.0.0 /myThinkPHP/index.php/Register/checkName
INFO: [ app_begin ] --START--
INFO: Run ReadHtmlCache Behavior [ RunTime:0.001000s ]
INFO: [ app_begin ] --END-- [ RunTime:0.001000s ]
NOTIC: [8] Undefined index: username F:\wamp\wamp\www\myThinkPHP\Home\Lib\Action\RegisterAction.class.php 第 31 行.
NOTIC: [8192] mysql_connect(): The mysql extension is deprecated and will be removed in the future: use mysqli or PDO instead F:\wamp\wamp\www\myThinkPHP\ThinkPHP\Lib\Driver\Db\DbMysql.class.php 第 55 行.
SQL: SHOW COLUMNS FROM `tp_user` [ RunTime:0.003000s ]
NOTIC: [8192] preg_replace(): The /e modifier is deprecated, use preg_replace_callback instead F:\wamp\wamp\www\myThinkPHP\ThinkPHP\Lib\Core\Db.class.php 第 568 行.
SQL: SELECT COUNT(*) AS tp_count FROM `tp_user` WHERE ( `username` = null ) LIMIT 1   [ RunTime:0.000000s ]

[ 2016-11-29T14:35:43+08:00 ] 0.0.0.0 /myThinkPHP/index.php/Register/checkName
INFO: [ app_begin ] --START--
INFO: Run ReadHtmlCache Behavior [ RunTime:0.000000s ]
INFO: [ app_begin ] --END-- [ RunTime:0.000000s ]
NOTIC: [8] Undefined index: username F:\wamp\wamp\www\myThinkPHP\Home\Lib\Action\RegisterAction.class.php 第 31 行.
NOTIC: [8192] mysql_connect(): The mysql extension is deprecated and will be removed in the future: use mysqli or PDO instead F:\wamp\wamp\www\myThinkPHP\ThinkPHP\Lib\Driver\Db\DbMysql.class.php 第 55 行.
SQL: SHOW COLUMNS FROM `tp_user` [ RunTime:0.003000s ]
NOTIC: [8192] preg_replace(): The /e modifier is deprecated, use preg_replace_callback instead F:\wamp\wamp\www\myThinkPHP\ThinkPHP\Lib\Core\Db.class.php 第 568 行.
SQL: SELECT COUNT(*) AS tp_count FROM `tp_user` WHERE ( `username` = null ) LIMIT 1   [ RunTime:0.001000s ]

[ 2016-11-29T14:35:43+08:00 ] 0.0.0.0 /myThinkPHP/index.php/Register/checkName
INFO: [ app_begin ] --START--
INFO: Run ReadHtmlCache Behavior [ RunTime:0.000000s ]
INFO: [ app_begin ] --END-- [ RunTime:0.000000s ]
NOTIC: [8] Undefined index: username F:\wamp\wamp\www\myThinkPHP\Home\Lib\Action\RegisterAction.class.php 第 31 行.
NOTIC: [8192] mysql_connect(): The mysql extension is deprecated and will be removed in the future: use mysqli or PDO instead F:\wamp\wamp\www\myThinkPHP\ThinkPHP\Lib\Driver\Db\DbMysql.class.php 第 55 行.
SQL: SHOW COLUMNS FROM `tp_user` [ RunTime:0.000000s ]
NOTIC: [8192] preg_replace(): The /e modifier is deprecated, use preg_replace_callback instead F:\wamp\wamp\www\myThinkPHP\ThinkPHP\Lib\Core\Db.class.php 第 568 行.
SQL: SELECT COUNT(*) AS tp_count FROM `tp_user` WHERE ( `username` = null ) LIMIT 1   [ RunTime:0.000000s ]

[ 2016-11-29T14:35:45+08:00 ] 0.0.0.0 /myThinkPHP/index.php/Register/checkName
INFO: [ app_begin ] --START--
INFO: Run ReadHtmlCache Behavior [ RunTime:0.000000s ]
INFO: [ app_begin ] --END-- [ RunTime:0.000000s ]
NOTIC: [8] Undefined index: username F:\wamp\wamp\www\myThinkPHP\Home\Lib\Action\RegisterAction.class.php 第 31 行.
NOTIC: [8192] mysql_connect(): The mysql extension is deprecated and will be removed in the future: use mysqli or PDO instead F:\wamp\wamp\www\myThinkPHP\ThinkPHP\Lib\Driver\Db\DbMysql.class.php 第 55 行.
SQL: SHOW COLUMNS FROM `tp_user` [ RunTime:0.002000s ]
NOTIC: [8192] preg_replace(): The /e modifier is deprecated, use preg_replace_callback instead F:\wamp\wamp\www\myThinkPHP\ThinkPHP\Lib\Core\Db.class.php 第 568 行.
SQL: SELECT COUNT(*) AS tp_count FROM `tp_user` WHERE ( `username` = null ) LIMIT 1   [ RunTime:0.000000s ]

[ 2016-11-29T14:35:54+08:00 ] 0.0.0.0 /myThinkPHP/index.php/Register/checkName
INFO: [ app_begin ] --START--
INFO: Run ReadHtmlCache Behavior [ RunTime:0.000000s ]
INFO: [ app_begin ] --END-- [ RunTime:0.000000s ]
NOTIC: [8] Undefined index: username F:\wamp\wamp\www\myThinkPHP\Home\Lib\Action\RegisterAction.class.php 第 31 行.
NOTIC: [8192] mysql_connect(): The mysql extension is deprecated and will be removed in the future: use mysqli or PDO instead F:\wamp\wamp\www\myThinkPHP\ThinkPHP\Lib\Driver\Db\DbMysql.class.php 第 55 行.
SQL: SHOW COLUMNS FROM `tp_user` [ RunTime:0.000000s ]
NOTIC: [8192] preg_replace(): The /e modifier is deprecated, use preg_replace_callback instead F:\wamp\wamp\www\myThinkPHP\ThinkPHP\Lib\Core\Db.class.php 第 568 行.
SQL: SELECT COUNT(*) AS tp_count FROM `tp_user` WHERE ( `username` = null ) LIMIT 1   [ RunTime:0.000000s ]

[ 2016-11-29T14:36:03+08:00 ] 0.0.0.0 /myThinkPHP/index.php/Register/checkName
INFO: [ app_begin ] --START--
INFO: Run ReadHtmlCache Behavior [ RunTime:0.000000s ]
INFO: [ app_begin ] --END-- [ RunTime:0.000000s ]
NOTIC: [8] Undefined index: username F:\wamp\wamp\www\myThinkPHP\Home\Lib\Action\RegisterAction.class.php 第 31 行.
NOTIC: [8192] mysql_connect(): The mysql extension is deprecated and will be removed in the future: use mysqli or PDO instead F:\wamp\wamp\www\myThinkPHP\ThinkPHP\Lib\Driver\Db\DbMysql.class.php 第 55 行.
SQL: SHOW COLUMNS FROM `tp_user` [ RunTime:0.000000s ]
NOTIC: [8192] preg_replace(): The /e modifier is deprecated, use preg_replace_callback instead F:\wamp\wamp\www\myThinkPHP\ThinkPHP\Lib\Core\Db.class.php 第 568 行.
SQL: SELECT COUNT(*) AS tp_count FROM `tp_user` WHERE ( `username` = null ) LIMIT 1   [ RunTime:0.000000s ]

[ 2016-11-29T14:36:40+08:00 ] 0.0.0.0 /myThinkPHP/index.php/Register/checkName
INFO: [ app_begin ] --START--
INFO: Run ReadHtmlCache Behavior [ RunTime:0.000000s ]
INFO: [ app_begin ] --END-- [ RunTime:0.000000s ]
NOTIC: [8] Undefined index: username F:\wamp\wamp\www\myThinkPHP\Home\Lib\Action\RegisterAction.class.php 第 31 行.
NOTIC: [8192] mysql_connect(): The mysql extension is deprecated and will be removed in the future: use mysqli or PDO instead F:\wamp\wamp\www\myThinkPHP\ThinkPHP\Lib\Driver\Db\DbMysql.class.php 第 55 行.
SQL: SHOW COLUMNS FROM `tp_user` [ RunTime:0.000000s ]
NOTIC: [8192] preg_replace(): The /e modifier is deprecated, use preg_replace_callback instead F:\wamp\wamp\www\myThinkPHP\ThinkPHP\Lib\Core\Db.class.php 第 568 行.
SQL: SELECT * FROM `tp_user` WHERE ( `username` = null ) LIMIT 1   [ RunTime:0.001000s ]

[ 2016-11-29T14:37:42+08:00 ] 0.0.0.0 /myThinkPHP/index.php/Register/checkName
INFO: [ app_begin ] --START--
INFO: Run ReadHtmlCache Behavior [ RunTime:0.000000s ]
INFO: [ app_begin ] --END-- [ RunTime:0.000000s ]
NOTIC: [8] Undefined index: username F:\wamp\wamp\www\myThinkPHP\Home\Lib\Action\RegisterAction.class.php 第 31 行.
NOTIC: [8192] mysql_connect(): The mysql extension is deprecated and will be removed in the future: use mysqli or PDO instead F:\wamp\wamp\www\myThinkPHP\ThinkPHP\Lib\Driver\Db\DbMysql.class.php 第 55 行.
SQL: SHOW COLUMNS FROM `tp_user` [ RunTime:0.000000s ]
NOTIC: [8192] preg_replace(): The /e modifier is deprecated, use preg_replace_callback instead F:\wamp\wamp\www\myThinkPHP\ThinkPHP\Lib\Core\Db.class.php 第 568 行.
SQL: SELECT * FROM `tp_user` WHERE ( `username` = null ) LIMIT 1   [ RunTime:0.000000s ]

[ 2016-11-29T14:38:01+08:00 ] 0.0.0.0 /myThinkPHP/index.php/Register/checkName
INFO: [ app_begin ] --START--
INFO: Run ReadHtmlCache Behavior [ RunTime:0.000000s ]
INFO: [ app_begin ] --END-- [ RunTime:0.000000s ]
NOTIC: [8] Undefined index: username F:\wamp\wamp\www\myThinkPHP\Home\Lib\Action\RegisterAction.class.php 第 31 行.
NOTIC: [8192] mysql_connect(): The mysql extension is deprecated and will be removed in the future: use mysqli or PDO instead F:\wamp\wamp\www\myThinkPHP\ThinkPHP\Lib\Driver\Db\DbMysql.class.php 第 55 行.
SQL: SHOW COLUMNS FROM `tp_user` [ RunTime:0.002000s ]
NOTIC: [8192] preg_replace(): The /e modifier is deprecated, use preg_replace_callback instead F:\wamp\wamp\www\myThinkPHP\ThinkPHP\Lib\Core\Db.class.php 第 568 行.
SQL: SELECT * FROM `tp_user` WHERE ( `username` = null ) LIMIT 1   [ RunTime:0.000000s ]

[ 2016-11-29T14:38:15+08:00 ] 0.0.0.0 /myThinkPHP/index.php/Register/checkName
INFO: [ app_begin ] --START--
INFO: Run ReadHtmlCache Behavior [ RunTime:0.000000s ]
INFO: [ app_begin ] --END-- [ RunTime:0.000000s ]
NOTIC: [8] Undefined index: username F:\wamp\wamp\www\myThinkPHP\Home\Lib\Action\RegisterAction.class.php 第 31 行.
NOTIC: [8192] mysql_connect(): The mysql extension is deprecated and will be removed in the future: use mysqli or PDO instead F:\wamp\wamp\www\myThinkPHP\ThinkPHP\Lib\Driver\Db\DbMysql.class.php 第 55 行.
SQL: SHOW COLUMNS FROM `tp_user` [ RunTime:0.000000s ]
NOTIC: [8192] preg_replace(): The /e modifier is deprecated, use preg_replace_callback instead F:\wamp\wamp\www\myThinkPHP\ThinkPHP\Lib\Core\Db.class.php 第 568 行.
SQL: SELECT * FROM `tp_user` WHERE ( `username` = null ) LIMIT 1   [ RunTime:0.000000s ]

[ 2016-11-29T14:38:29+08:00 ] 0.0.0.0 /myThinkPHP/index.php/Register/checkName?username=gwl
INFO: [ app_begin ] --START--
INFO: Run ReadHtmlCache Behavior [ RunTime:0.000000s ]
INFO: [ app_begin ] --END-- [ RunTime:0.000000s ]
NOTIC: [8192] mysql_connect(): The mysql extension is deprecated and will be removed in the future: use mysqli or PDO instead F:\wamp\wamp\www\myThinkPHP\ThinkPHP\Lib\Driver\Db\DbMysql.class.php 第 55 行.
SQL: SHOW COLUMNS FROM `tp_user` [ RunTime:0.000000s ]
NOTIC: [8192] preg_replace(): The /e modifier is deprecated, use preg_replace_callback instead F:\wamp\wamp\www\myThinkPHP\ThinkPHP\Lib\Core\Db.class.php 第 568 行.
SQL: SELECT * FROM `tp_user` WHERE ( `username` = 'gwl' ) LIMIT 1   [ RunTime:0.000000s ]

[ 2016-11-29T14:38:32+08:00 ] 0.0.0.0 /myThinkPHP/index.php/Register/checkName?username=gwl
INFO: [ app_begin ] --START--
INFO: Run ReadHtmlCache Behavior [ RunTime:0.000000s ]
INFO: [ app_begin ] --END-- [ RunTime:0.000000s ]
NOTIC: [8192] mysql_connect(): The mysql extension is deprecated and will be removed in the future: use mysqli or PDO instead F:\wamp\wamp\www\myThinkPHP\ThinkPHP\Lib\Driver\Db\DbMysql.class.php 第 55 行.
SQL: SHOW COLUMNS FROM `tp_user` [ RunTime:0.002000s ]
NOTIC: [8192] preg_replace(): The /e modifier is deprecated, use preg_replace_callback instead F:\wamp\wamp\www\myThinkPHP\ThinkPHP\Lib\Core\Db.class.php 第 568 行.
SQL: SELECT * FROM `tp_user` WHERE ( `username` = 'gwl' ) LIMIT 1   [ RunTime:0.000000s ]

[ 2016-11-29T14:38:38+08:00 ] 0.0.0.0 /myThinkPHP/index.php/Register/checkName?username=gwl
INFO: [ app_begin ] --START--
INFO: Run ReadHtmlCache Behavior [ RunTime:0.001000s ]
INFO: [ app_begin ] --END-- [ RunTime:0.001000s ]
NOTIC: [8192] mysql_connect(): The mysql extension is deprecated and will be removed in the future: use mysqli or PDO instead F:\wamp\wamp\www\myThinkPHP\ThinkPHP\Lib\Driver\Db\DbMysql.class.php 第 55 行.
SQL: SHOW COLUMNS FROM `tp_user` [ RunTime:0.002000s ]
NOTIC: [8192] preg_replace(): The /e modifier is deprecated, use preg_replace_callback instead F:\wamp\wamp\www\myThinkPHP\ThinkPHP\Lib\Core\Db.class.php 第 568 行.
SQL: SELECT * FROM `tp_user` WHERE ( `username` = 'gwl' ) LIMIT 1   [ RunTime:0.000000s ]

[ 2016-11-29T14:38:39+08:00 ] 0.0.0.0 /myThinkPHP/index.php/Register/checkName?username=gwl
INFO: [ app_begin ] --START--
INFO: Run ReadHtmlCache Behavior [ RunTime:0.000000s ]
INFO: [ app_begin ] --END-- [ RunTime:0.000000s ]
NOTIC: [8192] mysql_connect(): The mysql extension is deprecated and will be removed in the future: use mysqli or PDO instead F:\wamp\wamp\www\myThinkPHP\ThinkPHP\Lib\Driver\Db\DbMysql.class.php 第 55 行.
SQL: SHOW COLUMNS FROM `tp_user` [ RunTime:0.002000s ]
NOTIC: [8192] preg_replace(): The /e modifier is deprecated, use preg_replace_callback instead F:\wamp\wamp\www\myThinkPHP\ThinkPHP\Lib\Core\Db.class.php 第 568 行.
SQL: SELECT * FROM `tp_user` WHERE ( `username` = 'gwl' ) LIMIT 1   [ RunTime:0.001000s ]

[ 2016-11-29T14:38:40+08:00 ] 0.0.0.0 /myThinkPHP/index.php/Register/checkName?username=gwl
INFO: [ app_begin ] --START--
INFO: Run ReadHtmlCache Behavior [ RunTime:0.000000s ]
INFO: [ app_begin ] --END-- [ RunTime:0.000000s ]
NOTIC: [8192] mysql_connect(): The mysql extension is deprecated and will be removed in the future: use mysqli or PDO instead F:\wamp\wamp\www\myThinkPHP\ThinkPHP\Lib\Driver\Db\DbMysql.class.php 第 55 行.
SQL: SHOW COLUMNS FROM `tp_user` [ RunTime:0.002000s ]
NOTIC: [8192] preg_replace(): The /e modifier is deprecated, use preg_replace_callback instead F:\wamp\wamp\www\myThinkPHP\ThinkPHP\Lib\Core\Db.class.php 第 568 行.
SQL: SELECT * FROM `tp_user` WHERE ( `username` = 'gwl' ) LIMIT 1   [ RunTime:0.000000s ]

[ 2016-11-29T14:38:40+08:00 ] 0.0.0.0 /myThinkPHP/index.php/Register/checkName?username=gwl
INFO: [ app_begin ] --START--
INFO: Run ReadHtmlCache Behavior [ RunTime:0.000000s ]
INFO: [ app_begin ] --END-- [ RunTime:0.001000s ]
NOTIC: [8192] mysql_connect(): The mysql extension is deprecated and will be removed in the future: use mysqli or PDO instead F:\wamp\wamp\www\myThinkPHP\ThinkPHP\Lib\Driver\Db\DbMysql.class.php 第 55 行.
SQL: SHOW COLUMNS FROM `tp_user` [ RunTime:0.002000s ]
NOTIC: [8192] preg_replace(): The /e modifier is deprecated, use preg_replace_callback instead F:\wamp\wamp\www\myThinkPHP\ThinkPHP\Lib\Core\Db.class.php 第 568 行.
SQL: SELECT * FROM `tp_user` WHERE ( `username` = 'gwl' ) LIMIT 1   [ RunTime:0.000000s ]

[ 2016-11-29T14:38:40+08:00 ] 0.0.0.0 /myThinkPHP/index.php/Register/checkName?username=gwl
INFO: [ app_begin ] --START--
INFO: Run ReadHtmlCache Behavior [ RunTime:0.000000s ]
INFO: [ app_begin ] --END-- [ RunTime:0.001000s ]
NOTIC: [8192] mysql_connect(): The mysql extension is deprecated and will be removed in the future: use mysqli or PDO instead F:\wamp\wamp\www\myThinkPHP\ThinkPHP\Lib\Driver\Db\DbMysql.class.php 第 55 行.
SQL: SHOW COLUMNS FROM `tp_user` [ RunTime:0.002000s ]
NOTIC: [8192] preg_replace(): The /e modifier is deprecated, use preg_replace_callback instead F:\wamp\wamp\www\myThinkPHP\ThinkPHP\Lib\Core\Db.class.php 第 568 行.
SQL: SELECT * FROM `tp_user` WHERE ( `username` = 'gwl' ) LIMIT 1   [ RunTime:0.000000s ]

[ 2016-11-29T14:38:40+08:00 ] 0.0.0.0 /myThinkPHP/index.php/Register/checkName?username=gwl
INFO: [ app_begin ] --START--
INFO: Run ReadHtmlCache Behavior [ RunTime:0.000000s ]
INFO: [ app_begin ] --END-- [ RunTime:0.000000s ]
NOTIC: [8192] mysql_connect(): The mysql extension is deprecated and will be removed in the future: use mysqli or PDO instead F:\wamp\wamp\www\myThinkPHP\ThinkPHP\Lib\Driver\Db\DbMysql.class.php 第 55 行.
SQL: SHOW COLUMNS FROM `tp_user` [ RunTime:0.002000s ]
NOTIC: [8192] preg_replace(): The /e modifier is deprecated, use preg_replace_callback instead F:\wamp\wamp\www\myThinkPHP\ThinkPHP\Lib\Core\Db.class.php 第 568 行.
SQL: SELECT * FROM `tp_user` WHERE ( `username` = 'gwl' ) LIMIT 1   [ RunTime:0.000000s ]

[ 2016-11-29T14:38:40+08:00 ] 0.0.0.0 /myThinkPHP/index.php/Register/checkName?username=gwl
INFO: [ app_begin ] --START--
INFO: Run ReadHtmlCache Behavior [ RunTime:0.000000s ]
INFO: [ app_begin ] --END-- [ RunTime:0.000000s ]
NOTIC: [8192] mysql_connect(): The mysql extension is deprecated and will be removed in the future: use mysqli or PDO instead F:\wamp\wamp\www\myThinkPHP\ThinkPHP\Lib\Driver\Db\DbMysql.class.php 第 55 行.
SQL: SHOW COLUMNS FROM `tp_user` [ RunTime:0.002000s ]
NOTIC: [8192] preg_replace(): The /e modifier is deprecated, use preg_replace_callback instead F:\wamp\wamp\www\myThinkPHP\ThinkPHP\Lib\Core\Db.class.php 第 568 行.
SQL: SELECT * FROM `tp_user` WHERE ( `username` = 'gwl' ) LIMIT 1   [ RunTime:0.000000s ]

[ 2016-11-29T14:38:40+08:00 ] 0.0.0.0 /myThinkPHP/index.php/Register/checkName?username=gwl
INFO: [ app_begin ] --START--
INFO: Run ReadHtmlCache Behavior [ RunTime:0.001000s ]
INFO: [ app_begin ] --END-- [ RunTime:0.001000s ]
NOTIC: [8192] mysql_connect(): The mysql extension is deprecated and will be removed in the future: use mysqli or PDO instead F:\wamp\wamp\www\myThinkPHP\ThinkPHP\Lib\Driver\Db\DbMysql.class.php 第 55 行.
SQL: SHOW COLUMNS FROM `tp_user` [ RunTime:0.002000s ]
NOTIC: [8192] preg_replace(): The /e modifier is deprecated, use preg_replace_callback instead F:\wamp\wamp\www\myThinkPHP\ThinkPHP\Lib\Core\Db.class.php 第 568 行.
SQL: SELECT * FROM `tp_user` WHERE ( `username` = 'gwl' ) LIMIT 1   [ RunTime:0.000000s ]

[ 2016-11-29T14:38:41+08:00 ] 0.0.0.0 /myThinkPHP/index.php/Register/checkName?username=gwl
INFO: [ app_begin ] --START--
INFO: Run ReadHtmlCache Behavior [ RunTime:0.000000s ]
INFO: [ app_begin ] --END-- [ RunTime:0.001000s ]
NOTIC: [8192] mysql_connect(): The mysql extension is deprecated and will be removed in the future: use mysqli or PDO instead F:\wamp\wamp\www\myThinkPHP\ThinkPHP\Lib\Driver\Db\DbMysql.class.php 第 55 行.
SQL: SHOW COLUMNS FROM `tp_user` [ RunTime:0.002000s ]
NOTIC: [8192] preg_replace(): The /e modifier is deprecated, use preg_replace_callback instead F:\wamp\wamp\www\myThinkPHP\ThinkPHP\Lib\Core\Db.class.php 第 568 行.
SQL: SELECT * FROM `tp_user` WHERE ( `username` = 'gwl' ) LIMIT 1   [ RunTime:0.000000s ]

[ 2016-11-29T14:38:41+08:00 ] 0.0.0.0 /myThinkPHP/index.php/Register/checkName?username=gwl
INFO: [ app_begin ] --START--
INFO: Run ReadHtmlCache Behavior [ RunTime:0.001000s ]
INFO: [ app_begin ] --END-- [ RunTime:0.001000s ]
NOTIC: [8192] mysql_connect(): The mysql extension is deprecated and will be removed in the future: use mysqli or PDO instead F:\wamp\wamp\www\myThinkPHP\ThinkPHP\Lib\Driver\Db\DbMysql.class.php 第 55 行.
SQL: SHOW COLUMNS FROM `tp_user` [ RunTime:0.002000s ]
NOTIC: [8192] preg_replace(): The /e modifier is deprecated, use preg_replace_callback instead F:\wamp\wamp\www\myThinkPHP\ThinkPHP\Lib\Core\Db.class.php 第 568 行.
SQL: SELECT * FROM `tp_user` WHERE ( `username` = 'gwl' ) LIMIT 1   [ RunTime:0.000000s ]

[ 2016-11-29T14:38:41+08:00 ] 0.0.0.0 /myThinkPHP/index.php/Register/checkName?username=gwl
INFO: [ app_begin ] --START--
INFO: Run ReadHtmlCache Behavior [ RunTime:0.000000s ]
INFO: [ app_begin ] --END-- [ RunTime:0.001000s ]
NOTIC: [8192] mysql_connect(): The mysql extension is deprecated and will be removed in the future: use mysqli or PDO instead F:\wamp\wamp\www\myThinkPHP\ThinkPHP\Lib\Driver\Db\DbMysql.class.php 第 55 行.
SQL: SHOW COLUMNS FROM `tp_user` [ RunTime:0.002000s ]
NOTIC: [8192] preg_replace(): The /e modifier is deprecated, use preg_replace_callback instead F:\wamp\wamp\www\myThinkPHP\ThinkPHP\Lib\Core\Db.class.php 第 568 行.
SQL: SELECT * FROM `tp_user` WHERE ( `username` = 'gwl' ) LIMIT 1   [ RunTime:0.000000s ]

[ 2016-11-29T14:38:41+08:00 ] 0.0.0.0 /myThinkPHP/index.php/Register/checkName?username=gwl
INFO: [ app_begin ] --START--
INFO: Run ReadHtmlCache Behavior [ RunTime:0.001000s ]
INFO: [ app_begin ] --END-- [ RunTime:0.001000s ]
NOTIC: [8192] mysql_connect(): The mysql extension is deprecated and will be removed in the future: use mysqli or PDO instead F:\wamp\wamp\www\myThinkPHP\ThinkPHP\Lib\Driver\Db\DbMysql.class.php 第 55 行.
SQL: SHOW COLUMNS FROM `tp_user` [ RunTime:0.002000s ]
NOTIC: [8192] preg_replace(): The /e modifier is deprecated, use preg_replace_callback instead F:\wamp\wamp\www\myThinkPHP\ThinkPHP\Lib\Core\Db.class.php 第 568 行.
SQL: SELECT * FROM `tp_user` WHERE ( `username` = 'gwl' ) LIMIT 1   [ RunTime:0.000000s ]

[ 2016-11-29T14:38:41+08:00 ] 0.0.0.0 /myThinkPHP/index.php/Register/checkName?username=gwl
INFO: [ app_begin ] --START--
INFO: Run ReadHtmlCache Behavior [ RunTime:0.001000s ]
INFO: [ app_begin ] --END-- [ RunTime:0.001000s ]
NOTIC: [8192] mysql_connect(): The mysql extension is deprecated and will be removed in the future: use mysqli or PDO instead F:\wamp\wamp\www\myThinkPHP\ThinkPHP\Lib\Driver\Db\DbMysql.class.php 第 55 行.
SQL: SHOW COLUMNS FROM `tp_user` [ RunTime:0.002001s ]
NOTIC: [8192] preg_replace(): The /e modifier is deprecated, use preg_replace_callback instead F:\wamp\wamp\www\myThinkPHP\ThinkPHP\Lib\Core\Db.class.php 第 568 行.
SQL: SELECT * FROM `tp_user` WHERE ( `username` = 'gwl' ) LIMIT 1   [ RunTime:0.000000s ]

[ 2016-11-29T14:38:41+08:00 ] 0.0.0.0 /myThinkPHP/index.php/Register/checkName?username=gwl
INFO: [ app_begin ] --START--
INFO: Run ReadHtmlCache Behavior [ RunTime:0.000000s ]
INFO: [ app_begin ] --END-- [ RunTime:0.000000s ]
NOTIC: [8192] mysql_connect(): The mysql extension is deprecated and will be removed in the future: use mysqli or PDO instead F:\wamp\wamp\www\myThinkPHP\ThinkPHP\Lib\Driver\Db\DbMysql.class.php 第 55 行.
SQL: SHOW COLUMNS FROM `tp_user` [ RunTime:0.003000s ]
NOTIC: [8192] preg_replace(): The /e modifier is deprecated, use preg_replace_callback instead F:\wamp\wamp\www\myThinkPHP\ThinkPHP\Lib\Core\Db.class.php 第 568 行.
SQL: SELECT * FROM `tp_user` WHERE ( `username` = 'gwl' ) LIMIT 1   [ RunTime:0.000000s ]

[ 2016-11-29T14:38:41+08:00 ] 0.0.0.0 /myThinkPHP/index.php/Register/checkName?username=gwl
INFO: [ app_begin ] --START--
INFO: Run ReadHtmlCache Behavior [ RunTime:0.001000s ]
INFO: [ app_begin ] --END-- [ RunTime:0.001000s ]
NOTIC: [8192] mysql_connect(): The mysql extension is deprecated and will be removed in the future: use mysqli or PDO instead F:\wamp\wamp\www\myThinkPHP\ThinkPHP\Lib\Driver\Db\DbMysql.class.php 第 55 行.
SQL: SHOW COLUMNS FROM `tp_user` [ RunTime:0.003000s ]
NOTIC: [8192] preg_replace(): The /e modifier is deprecated, use preg_replace_callback instead F:\wamp\wamp\www\myThinkPHP\ThinkPHP\Lib\Core\Db.class.php 第 568 行.
SQL: SELECT * FROM `tp_user` WHERE ( `username` = 'gwl' ) LIMIT 1   [ RunTime:0.001000s ]

[ 2016-11-29T14:38:41+08:00 ] 0.0.0.0 /myThinkPHP/index.php/Register/checkName?username=gwl
INFO: [ app_begin ] --START--
INFO: Run ReadHtmlCache Behavior [ RunTime:0.001000s ]
INFO: [ app_begin ] --END-- [ RunTime:0.001000s ]
NOTIC: [8192] mysql_connect(): The mysql extension is deprecated and will be removed in the future: use mysqli or PDO instead F:\wamp\wamp\www\myThinkPHP\ThinkPHP\Lib\Driver\Db\DbMysql.class.php 第 55 行.
SQL: SHOW COLUMNS FROM `tp_user` [ RunTime:0.002000s ]
NOTIC: [8192] preg_replace(): The /e modifier is deprecated, use preg_replace_callback instead F:\wamp\wamp\www\myThinkPHP\ThinkPHP\Lib\Core\Db.class.php 第 568 行.
SQL: SELECT * FROM `tp_user` WHERE ( `username` = 'gwl' ) LIMIT 1   [ RunTime:0.000000s ]

[ 2016-11-29T14:38:42+08:00 ] 0.0.0.0 /myThinkPHP/index.php/Register/checkName?username=gwl
INFO: [ app_begin ] --START--
INFO: Run ReadHtmlCache Behavior [ RunTime:0.001000s ]
INFO: [ app_begin ] --END-- [ RunTime:0.001000s ]
NOTIC: [8192] mysql_connect(): The mysql extension is deprecated and will be removed in the future: use mysqli or PDO instead F:\wamp\wamp\www\myThinkPHP\ThinkPHP\Lib\Driver\Db\DbMysql.class.php 第 55 行.
SQL: SHOW COLUMNS FROM `tp_user` [ RunTime:0.002000s ]
NOTIC: [8192] preg_replace(): The /e modifier is deprecated, use preg_replace_callback instead F:\wamp\wamp\www\myThinkPHP\ThinkPHP\Lib\Core\Db.class.php 第 568 行.
SQL: SELECT * FROM `tp_user` WHERE ( `username` = 'gwl' ) LIMIT 1   [ RunTime:0.000000s ]

[ 2016-11-29T14:38:42+08:00 ] 0.0.0.0 /myThinkPHP/index.php/Register/checkName?username=gwl
INFO: [ app_begin ] --START--
INFO: Run ReadHtmlCache Behavior [ RunTime:0.000000s ]
INFO: [ app_begin ] --END-- [ RunTime:0.000000s ]
NOTIC: [8192] mysql_connect(): The mysql extension is deprecated and will be removed in the future: use mysqli or PDO instead F:\wamp\wamp\www\myThinkPHP\ThinkPHP\Lib\Driver\Db\DbMysql.class.php 第 55 行.
SQL: SHOW COLUMNS FROM `tp_user` [ RunTime:0.002001s ]
NOTIC: [8192] preg_replace(): The /e modifier is deprecated, use preg_replace_callback instead F:\wamp\wamp\www\myThinkPHP\ThinkPHP\Lib\Core\Db.class.php 第 568 行.
SQL: SELECT * FROM `tp_user` WHERE ( `username` = 'gwl' ) LIMIT 1   [ RunTime:0.000000s ]

[ 2016-11-29T14:38:42+08:00 ] 0.0.0.0 /myThinkPHP/index.php/Register/checkName?username=gwl
INFO: [ app_begin ] --START--
INFO: Run ReadHtmlCache Behavior [ RunTime:0.001000s ]
INFO: [ app_begin ] --END-- [ RunTime:0.001000s ]
NOTIC: [8192] mysql_connect(): The mysql extension is deprecated and will be removed in the future: use mysqli or PDO instead F:\wamp\wamp\www\myThinkPHP\ThinkPHP\Lib\Driver\Db\DbMysql.class.php 第 55 行.
SQL: SHOW COLUMNS FROM `tp_user` [ RunTime:0.004001s ]
NOTIC: [8192] preg_replace(): The /e modifier is deprecated, use preg_replace_callback instead F:\wamp\wamp\www\myThinkPHP\ThinkPHP\Lib\Core\Db.class.php 第 568 行.
SQL: SELECT * FROM `tp_user` WHERE ( `username` = 'gwl' ) LIMIT 1   [ RunTime:0.001000s ]

[ 2016-11-29T14:38:42+08:00 ] 0.0.0.0 /myThinkPHP/index.php/Register/checkName?username=gwl
INFO: [ app_begin ] --START--
INFO: Run ReadHtmlCache Behavior [ RunTime:0.000000s ]
INFO: [ app_begin ] --END-- [ RunTime:0.000000s ]
NOTIC: [8192] mysql_connect(): The mysql extension is deprecated and will be removed in the future: use mysqli or PDO instead F:\wamp\wamp\www\myThinkPHP\ThinkPHP\Lib\Driver\Db\DbMysql.class.php 第 55 行.
SQL: SHOW COLUMNS FROM `tp_user` [ RunTime:0.002001s ]
NOTIC: [8192] preg_replace(): The /e modifier is deprecated, use preg_replace_callback instead F:\wamp\wamp\www\myThinkPHP\ThinkPHP\Lib\Core\Db.class.php 第 568 行.
SQL: SELECT * FROM `tp_user` WHERE ( `username` = 'gwl' ) LIMIT 1   [ RunTime:0.000000s ]

[ 2016-11-29T14:38:42+08:00 ] 0.0.0.0 /myThinkPHP/index.php/Register/checkName?username=gwl
INFO: [ app_begin ] --START--
INFO: Run ReadHtmlCache Behavior [ RunTime:0.001000s ]
INFO: [ app_begin ] --END-- [ RunTime:0.001000s ]
NOTIC: [8192] mysql_connect(): The mysql extension is deprecated and will be removed in the future: use mysqli or PDO instead F:\wamp\wamp\www\myThinkPHP\ThinkPHP\Lib\Driver\Db\DbMysql.class.php 第 55 行.
SQL: SHOW COLUMNS FROM `tp_user` [ RunTime:0.002000s ]
NOTIC: [8192] preg_replace(): The /e modifier is deprecated, use preg_replace_callback instead F:\wamp\wamp\www\myThinkPHP\ThinkPHP\Lib\Core\Db.class.php 第 568 行.
SQL: SELECT * FROM `tp_user` WHERE ( `username` = 'gwl' ) LIMIT 1   [ RunTime:0.001000s ]

[ 2016-11-29T14:38:42+08:00 ] 0.0.0.0 /myThinkPHP/index.php/Register/checkName?username=gwl
INFO: [ app_begin ] --START--
INFO: Run ReadHtmlCache Behavior [ RunTime:0.001000s ]
INFO: [ app_begin ] --END-- [ RunTime:0.001000s ]
NOTIC: [8192] mysql_connect(): The mysql extension is deprecated and will be removed in the future: use mysqli or PDO instead F:\wamp\wamp\www\myThinkPHP\ThinkPHP\Lib\Driver\Db\DbMysql.class.php 第 55 行.
SQL: SHOW COLUMNS FROM `tp_user` [ RunTime:0.002001s ]
NOTIC: [8192] preg_replace(): The /e modifier is deprecated, use preg_replace_callback instead F:\wamp\wamp\www\myThinkPHP\ThinkPHP\Lib\Core\Db.class.php 第 568 行.
SQL: SELECT * FROM `tp_user` WHERE ( `username` = 'gwl' ) LIMIT 1   [ RunTime:0.000000s ]

[ 2016-11-29T14:38:45+08:00 ] 0.0.0.0 /myThinkPHP/index.php/Register/checkName?username=gwl
INFO: [ app_begin ] --START--
INFO: Run ReadHtmlCache Behavior [ RunTime:0.015600s ]
INFO: [ app_begin ] --END-- [ RunTime:0.015600s ]
NOTIC: [8192] mysql_connect(): The mysql extension is deprecated and will be removed in the future: use mysqli or PDO instead F:\wamp\wamp\www\myThinkPHP\ThinkPHP\Lib\Driver\Db\DbMysql.class.php 第 55 行.
SQL: SHOW COLUMNS FROM `tp_user` [ RunTime:0.000000s ]
NOTIC: [8192] preg_replace(): The /e modifier is deprecated, use preg_replace_callback instead F:\wamp\wamp\www\myThinkPHP\ThinkPHP\Lib\Core\Db.class.php 第 568 行.
SQL: SELECT * FROM `tp_user` WHERE ( `username` = 'gwl' ) LIMIT 1   [ RunTime:0.000000s ]

[ 2016-11-29T14:40:13+08:00 ] 0.0.0.0 /myThinkPHP/index.php/Register/checkName?username=gwl
INFO: [ app_begin ] --START--
INFO: Run ReadHtmlCache Behavior [ RunTime:0.000000s ]
INFO: [ app_begin ] --END-- [ RunTime:0.000000s ]
NOTIC: [8192] mysql_connect(): The mysql extension is deprecated and will be removed in the future: use mysqli or PDO instead F:\wamp\wamp\www\myThinkPHP\ThinkPHP\Lib\Driver\Db\DbMysql.class.php 第 55 行.
SQL: SHOW COLUMNS FROM `tp_user` [ RunTime:0.001000s ]
NOTIC: [8192] preg_replace(): The /e modifier is deprecated, use preg_replace_callback instead F:\wamp\wamp\www\myThinkPHP\ThinkPHP\Lib\Core\Db.class.php 第 568 行.
SQL: SELECT COUNT(*) AS tp_count FROM `tp_user` WHERE ( `username` = 'gwl' ) LIMIT 1   [ RunTime:0.000000s ]

[ 2016-11-29T14:40:17+08:00 ] 0.0.0.0 /myThinkPHP/index.php/Register/checkName?username=123
INFO: [ app_begin ] --START--
INFO: Run ReadHtmlCache Behavior [ RunTime:0.000000s ]
INFO: [ app_begin ] --END-- [ RunTime:0.000000s ]
NOTIC: [8192] mysql_connect(): The mysql extension is deprecated and will be removed in the future: use mysqli or PDO instead F:\wamp\wamp\www\myThinkPHP\ThinkPHP\Lib\Driver\Db\DbMysql.class.php 第 55 行.
SQL: SHOW COLUMNS FROM `tp_user` [ RunTime:0.000000s ]
NOTIC: [8192] preg_replace(): The /e modifier is deprecated, use preg_replace_callback instead F:\wamp\wamp\www\myThinkPHP\ThinkPHP\Lib\Core\Db.class.php 第 568 行.
SQL: SELECT COUNT(*) AS tp_count FROM `tp_user` WHERE ( `username` = '123' ) LIMIT 1   [ RunTime:0.000000s ]

[ 2016-11-29T14:44:19+08:00 ] 0.0.0.0 /myThinkPHP/index.php/Register/checkName?username=gwl
INFO: [ app_begin ] --START--
INFO: Run ReadHtmlCache Behavior [ RunTime:0.000000s ]
INFO: [ app_begin ] --END-- [ RunTime:0.000000s ]
NOTIC: [8192] mysql_connect(): The mysql extension is deprecated and will be removed in the future: use mysqli or PDO instead F:\wamp\wamp\www\myThinkPHP\ThinkPHP\Lib\Driver\Db\DbMysql.class.php 第 55 行.
SQL: SHOW COLUMNS FROM `tp_user` [ RunTime:0.002000s ]
NOTIC: [8192] preg_replace(): The /e modifier is deprecated, use preg_replace_callback instead F:\wamp\wamp\www\myThinkPHP\ThinkPHP\Lib\Core\Db.class.php 第 568 行.
SQL: SELECT COUNT(*) AS tp_count FROM `tp_user` WHERE ( `username` = 'gwl' ) LIMIT 1   [ RunTime:0.000000s ]

[ 2016-11-29T14:44:31+08:00 ] 0.0.0.0 /myThinkPHP/index.php/Register/checkName?username=gwl
INFO: [ app_begin ] --START--
INFO: Run ReadHtmlCache Behavior [ RunTime:0.000000s ]
INFO: [ app_begin ] --END-- [ RunTime:0.000000s ]
NOTIC: [8192] mysql_connect(): The mysql extension is deprecated and will be removed in the future: use mysqli or PDO instead F:\wamp\wamp\www\myThinkPHP\ThinkPHP\Lib\Driver\Db\DbMysql.class.php 第 55 行.
SQL: SHOW COLUMNS FROM `tp_user` [ RunTime:0.016600s ]
NOTIC: [8192] preg_replace(): The /e modifier is deprecated, use preg_replace_callback instead F:\wamp\wamp\www\myThinkPHP\ThinkPHP\Lib\Core\Db.class.php 第 568 行.
SQL: SELECT COUNT(*) AS tp_count FROM `tp_user` WHERE ( `username` = 'gwl' ) LIMIT 1   [ RunTime:0.000000s ]

[ 2016-11-29T14:44:44+08:00 ] 0.0.0.0 /myThinkPHP/index.php/Register/checkName?username=gwl
INFO: [ app_begin ] --START--
INFO: Run ReadHtmlCache Behavior [ RunTime:0.000000s ]
INFO: [ app_begin ] --END-- [ RunTime:0.000000s ]
NOTIC: [8192] mysql_connect(): The mysql extension is deprecated and will be removed in the future: use mysqli or PDO instead F:\wamp\wamp\www\myThinkPHP\ThinkPHP\Lib\Driver\Db\DbMysql.class.php 第 55 行.
SQL: SHOW COLUMNS FROM `tp_user` [ RunTime:0.000000s ]
NOTIC: [8192] preg_replace(): The /e modifier is deprecated, use preg_replace_callback instead F:\wamp\wamp\www\myThinkPHP\ThinkPHP\Lib\Core\Db.class.php 第 568 行.
SQL: SELECT COUNT(*) AS tp_count FROM `tp_user` WHERE ( `username` = 'gwl' ) LIMIT 1   [ RunTime:0.000000s ]

[ 2016-11-29T14:45:15+08:00 ] 0.0.0.0 /myThinkPHP/index.php/Register/checkName?username=gwl
INFO: [ app_begin ] --START--
INFO: Run ReadHtmlCache Behavior [ RunTime:0.000000s ]
INFO: [ app_begin ] --END-- [ RunTime:0.000000s ]
NOTIC: [8192] mysql_connect(): The mysql extension is deprecated and will be removed in the future: use mysqli or PDO instead F:\wamp\wamp\www\myThinkPHP\ThinkPHP\Lib\Driver\Db\DbMysql.class.php 第 55 行.
SQL: SHOW COLUMNS FROM `tp_user` [ RunTime:0.000000s ]
NOTIC: [8192] preg_replace(): The /e modifier is deprecated, use preg_replace_callback instead F:\wamp\wamp\www\myThinkPHP\ThinkPHP\Lib\Core\Db.class.php 第 568 行.
SQL: SELECT COUNT(*) AS tp_count FROM `tp_user` WHERE ( `username` = 'gwl' ) LIMIT 1   [ RunTime:0.000000s ]

[ 2016-11-29T14:45:34+08:00 ] 0.0.0.0 /myThinkPHP/index.php/Register/checkName?username=gwl
INFO: [ app_begin ] --START--
INFO: Run ReadHtmlCache Behavior [ RunTime:0.000000s ]
INFO: [ app_begin ] --END-- [ RunTime:0.000000s ]
NOTIC: [8192] mysql_connect(): The mysql extension is deprecated and will be removed in the future: use mysqli or PDO instead F:\wamp\wamp\www\myThinkPHP\ThinkPHP\Lib\Driver\Db\DbMysql.class.php 第 55 行.
SQL: SHOW COLUMNS FROM `tp_user` [ RunTime:0.000000s ]
NOTIC: [8192] preg_replace(): The /e modifier is deprecated, use preg_replace_callback instead F:\wamp\wamp\www\myThinkPHP\ThinkPHP\Lib\Core\Db.class.php 第 568 行.
SQL: SELECT COUNT(*) AS tp_count FROM `tp_user` WHERE ( `username` = 'gwl' ) LIMIT 1   [ RunTime:0.000000s ]

[ 2016-11-29T14:47:44+08:00 ] 0.0.0.0 /myThinkPHP/index.php/Register/checkName?username=123
INFO: [ app_begin ] --START--
INFO: Run ReadHtmlCache Behavior [ RunTime:0.000000s ]
INFO: [ app_begin ] --END-- [ RunTime:0.000000s ]
NOTIC: [8192] mysql_connect(): The mysql extension is deprecated and will be removed in the future: use mysqli or PDO instead F:\wamp\wamp\www\myThinkPHP\ThinkPHP\Lib\Driver\Db\DbMysql.class.php 第 55 行.
SQL: SHOW COLUMNS FROM `tp_user` [ RunTime:0.002000s ]
NOTIC: [8192] preg_replace(): The /e modifier is deprecated, use preg_replace_callback instead F:\wamp\wamp\www\myThinkPHP\ThinkPHP\Lib\Core\Db.class.php 第 568 行.
SQL: SELECT COUNT(*) AS tp_count FROM `tp_user` WHERE ( `username` = '123' ) LIMIT 1   [ RunTime:0.000000s ]

[ 2016-11-29T14:47:46+08:00 ] 0.0.0.0 /myThinkPHP/index.php/Register/checkName?username=gwl
INFO: [ app_begin ] --START--
INFO: Run ReadHtmlCache Behavior [ RunTime:0.015600s ]
INFO: [ app_begin ] --END-- [ RunTime:0.015600s ]
NOTIC: [8192] mysql_connect(): The mysql extension is deprecated and will be removed in the future: use mysqli or PDO instead F:\wamp\wamp\www\myThinkPHP\ThinkPHP\Lib\Driver\Db\DbMysql.class.php 第 55 行.
SQL: SHOW COLUMNS FROM `tp_user` [ RunTime:0.000000s ]
NOTIC: [8192] preg_replace(): The /e modifier is deprecated, use preg_replace_callback instead F:\wamp\wamp\www\myThinkPHP\ThinkPHP\Lib\Core\Db.class.php 第 568 行.
SQL: SELECT COUNT(*) AS tp_count FROM `tp_user` WHERE ( `username` = 'gwl' ) LIMIT 1   [ RunTime:0.000000s ]

[ 2016-11-29T14:47:48+08:00 ] 0.0.0.0 /myThinkPHP/index.php/Register/checkName?username=123
INFO: [ app_begin ] --START--
INFO: Run ReadHtmlCache Behavior [ RunTime:0.000000s ]
INFO: [ app_begin ] --END-- [ RunTime:0.000000s ]
NOTIC: [8192] mysql_connect(): The mysql extension is deprecated and will be removed in the future: use mysqli or PDO instead F:\wamp\wamp\www\myThinkPHP\ThinkPHP\Lib\Driver\Db\DbMysql.class.php 第 55 行.
SQL: SHOW COLUMNS FROM `tp_user` [ RunTime:0.000000s ]
NOTIC: [8192] preg_replace(): The /e modifier is deprecated, use preg_replace_callback instead F:\wamp\wamp\www\myThinkPHP\ThinkPHP\Lib\Core\Db.class.php 第 568 行.
SQL: SELECT COUNT(*) AS tp_count FROM `tp_user` WHERE ( `username` = '123' ) LIMIT 1   [ RunTime:0.000000s ]

[ 2016-11-29T14:47:54+08:00 ] 0.0.0.0 /myThinkPHP/index.php/Register/checkName?username=gwl
INFO: [ app_begin ] --START--
INFO: Run ReadHtmlCache Behavior [ RunTime:0.015600s ]
INFO: [ app_begin ] --END-- [ RunTime:0.015600s ]
NOTIC: [8192] mysql_connect(): The mysql extension is deprecated and will be removed in the future: use mysqli or PDO instead F:\wamp\wamp\www\myThinkPHP\ThinkPHP\Lib\Driver\Db\DbMysql.class.php 第 55 行.
SQL: SHOW COLUMNS FROM `tp_user` [ RunTime:0.000000s ]
NOTIC: [8192] preg_replace(): The /e modifier is deprecated, use preg_replace_callback instead F:\wamp\wamp\www\myThinkPHP\ThinkPHP\Lib\Core\Db.class.php 第 568 行.
SQL: SELECT COUNT(*) AS tp_count FROM `tp_user` WHERE ( `username` = 'gwl' ) LIMIT 1   [ RunTime:0.000000s ]

[ 2016-11-29T14:47:56+08:00 ] 0.0.0.0 /myThinkPHP/index.php/Register/checkName?username=ztz
INFO: [ app_begin ] --START--
INFO: Run ReadHtmlCache Behavior [ RunTime:0.000000s ]
INFO: [ app_begin ] --END-- [ RunTime:0.000000s ]
NOTIC: [8192] mysql_connect(): The mysql extension is deprecated and will be removed in the future: use mysqli or PDO instead F:\wamp\wamp\www\myThinkPHP\ThinkPHP\Lib\Driver\Db\DbMysql.class.php 第 55 行.
SQL: SHOW COLUMNS FROM `tp_user` [ RunTime:0.000000s ]
NOTIC: [8192] preg_replace(): The /e modifier is deprecated, use preg_replace_callback instead F:\wamp\wamp\www\myThinkPHP\ThinkPHP\Lib\Core\Db.class.php 第 568 行.
SQL: SELECT COUNT(*) AS tp_count FROM `tp_user` WHERE ( `username` = 'ztz' ) LIMIT 1   [ RunTime:0.000000s ]

[ 2016-11-29T14:48:06+08:00 ] 0.0.0.0 /myThinkPHP/index.php/Register/checkName?username=gwl
INFO: [ app_begin ] --START--
INFO: Run ReadHtmlCache Behavior [ RunTime:0.000000s ]
INFO: [ app_begin ] --END-- [ RunTime:0.000000s ]
NOTIC: [8192] mysql_connect(): The mysql extension is deprecated and will be removed in the future: use mysqli or PDO instead F:\wamp\wamp\www\myThinkPHP\ThinkPHP\Lib\Driver\Db\DbMysql.class.php 第 55 行.
SQL: SHOW COLUMNS FROM `tp_user` [ RunTime:0.000000s ]
NOTIC: [8192] preg_replace(): The /e modifier is deprecated, use preg_replace_callback instead F:\wamp\wamp\www\myThinkPHP\ThinkPHP\Lib\Core\Db.class.php 第 568 行.
SQL: SELECT COUNT(*) AS tp_count FROM `tp_user` WHERE ( `username` = 'gwl' ) LIMIT 1   [ RunTime:0.000000s ]

[ 2016-11-29T14:48:09+08:00 ] 0.0.0.0 /myThinkPHP/index.php/Register/checkName?username=lz
INFO: [ app_begin ] --START--
INFO: Run ReadHtmlCache Behavior [ RunTime:0.000000s ]
INFO: [ app_begin ] --END-- [ RunTime:0.000000s ]
NOTIC: [8192] mysql_connect(): The mysql extension is deprecated and will be removed in the future: use mysqli or PDO instead F:\wamp\wamp\www\myThinkPHP\ThinkPHP\Lib\Driver\Db\DbMysql.class.php 第 55 行.
SQL: SHOW COLUMNS FROM `tp_user` [ RunTime:0.000000s ]
NOTIC: [8192] preg_replace(): The /e modifier is deprecated, use preg_replace_callback instead F:\wamp\wamp\www\myThinkPHP\ThinkPHP\Lib\Core\Db.class.php 第 568 行.
SQL: SELECT COUNT(*) AS tp_count FROM `tp_user` WHERE ( `username` = 'lz' ) LIMIT 1   [ RunTime:0.000000s ]

[ 2016-11-29T14:48:11+08:00 ] 0.0.0.0 /myThinkPHP/index.php/Register/checkName?username=dsf
INFO: [ app_begin ] --START--
INFO: Run ReadHtmlCache Behavior [ RunTime:0.000000s ]
INFO: [ app_begin ] --END-- [ RunTime:0.000000s ]
NOTIC: [8192] mysql_connect(): The mysql extension is deprecated and will be removed in the future: use mysqli or PDO instead F:\wamp\wamp\www\myThinkPHP\ThinkPHP\Lib\Driver\Db\DbMysql.class.php 第 55 行.
SQL: SHOW COLUMNS FROM `tp_user` [ RunTime:0.000000s ]
NOTIC: [8192] preg_replace(): The /e modifier is deprecated, use preg_replace_callback instead F:\wamp\wamp\www\myThinkPHP\ThinkPHP\Lib\Core\Db.class.php 第 568 行.
SQL: SELECT COUNT(*) AS tp_count FROM `tp_user` WHERE ( `username` = 'dsf' ) LIMIT 1   [ RunTime:0.000000s ]

[ 2016-11-29T14:49:57+08:00 ] 0.0.0.0 /myThinkPHP/index.php/Register/checkName?username=gwl
INFO: [ app_begin ] --START--
INFO: Run ReadHtmlCache Behavior [ RunTime:0.000000s ]
INFO: [ app_begin ] --END-- [ RunTime:0.000000s ]
NOTIC: [8192] mysql_connect(): The mysql extension is deprecated and will be removed in the future: use mysqli or PDO instead F:\wamp\wamp\www\myThinkPHP\ThinkPHP\Lib\Driver\Db\DbMysql.class.php 第 55 行.
SQL: SHOW COLUMNS FROM `tp_user` [ RunTime:0.000000s ]
NOTIC: [8192] preg_replace(): The /e modifier is deprecated, use preg_replace_callback instead F:\wamp\wamp\www\myThinkPHP\ThinkPHP\Lib\Core\Db.class.php 第 568 行.
SQL: SELECT COUNT(*) AS tp_count FROM `tp_user` WHERE ( `username` = 'gwl' ) LIMIT 1   [ RunTime:0.000000s ]

[ 2016-11-29T14:50:11+08:00 ] 0.0.0.0 /myThinkPHP/index.php/Register/checkName?username=qwer
INFO: [ app_begin ] --START--
INFO: Run ReadHtmlCache Behavior [ RunTime:0.000000s ]
INFO: [ app_begin ] --END-- [ RunTime:0.000000s ]
NOTIC: [8192] mysql_connect(): The mysql extension is deprecated and will be removed in the future: use mysqli or PDO instead F:\wamp\wamp\www\myThinkPHP\ThinkPHP\Lib\Driver\Db\DbMysql.class.php 第 55 行.
SQL: SHOW COLUMNS FROM `tp_user` [ RunTime:0.000000s ]
NOTIC: [8192] preg_replace(): The /e modifier is deprecated, use preg_replace_callback instead F:\wamp\wamp\www\myThinkPHP\ThinkPHP\Lib\Core\Db.class.php 第 568 行.
SQL: SELECT COUNT(*) AS tp_count FROM `tp_user` WHERE ( `username` = 'qwer' ) LIMIT 1   [ RunTime:0.000000s ]

[ 2016-11-29T14:50:17+08:00 ] 0.0.0.0 /myThinkPHP/index.php/Register/checkName?username=123
INFO: [ app_begin ] --START--
INFO: Run ReadHtmlCache Behavior [ RunTime:0.000000s ]
INFO: [ app_begin ] --END-- [ RunTime:0.000000s ]
NOTIC: [8192] mysql_connect(): The mysql extension is deprecated and will be removed in the future: use mysqli or PDO instead F:\wamp\wamp\www\myThinkPHP\ThinkPHP\Lib\Driver\Db\DbMysql.class.php 第 55 行.
SQL: SHOW COLUMNS FROM `tp_user` [ RunTime:0.000000s ]
NOTIC: [8192] preg_replace(): The /e modifier is deprecated, use preg_replace_callback instead F:\wamp\wamp\www\myThinkPHP\ThinkPHP\Lib\Core\Db.class.php 第 568 行.
SQL: SELECT COUNT(*) AS tp_count FROM `tp_user` WHERE ( `username` = '123' ) LIMIT 1   [ RunTime:0.000000s ]

[ 2016-11-29T14:50:27+08:00 ] 0.0.0.0 /myThinkPHP/index.php/Register/checkName?username=gwl
INFO: [ app_begin ] --START--
INFO: Run ReadHtmlCache Behavior [ RunTime:0.000000s ]
INFO: [ app_begin ] --END-- [ RunTime:0.000000s ]
NOTIC: [8192] mysql_connect(): The mysql extension is deprecated and will be removed in the future: use mysqli or PDO instead F:\wamp\wamp\www\myThinkPHP\ThinkPHP\Lib\Driver\Db\DbMysql.class.php 第 55 行.
SQL: SHOW COLUMNS FROM `tp_user` [ RunTime:0.000000s ]
NOTIC: [8192] preg_replace(): The /e modifier is deprecated, use preg_replace_callback instead F:\wamp\wamp\www\myThinkPHP\ThinkPHP\Lib\Core\Db.class.php 第 568 行.
SQL: SELECT COUNT(*) AS tp_count FROM `tp_user` WHERE ( `username` = 'gwl' ) LIMIT 1   [ RunTime:0.000000s ]

[ 2016-11-29T14:51:18+08:00 ] 0.0.0.0 /myThinkPHP/index.php/Register/checkName?username=g
INFO: [ app_begin ] --START--
INFO: Run ReadHtmlCache Behavior [ RunTime:0.001000s ]
INFO: [ app_begin ] --END-- [ RunTime:0.001000s ]
NOTIC: [8192] mysql_connect(): The mysql extension is deprecated and will be removed in the future: use mysqli or PDO instead F:\wamp\wamp\www\myThinkPHP\ThinkPHP\Lib\Driver\Db\DbMysql.class.php 第 55 行.
SQL: SHOW COLUMNS FROM `tp_user` [ RunTime:0.003000s ]
NOTIC: [8192] preg_replace(): The /e modifier is deprecated, use preg_replace_callback instead F:\wamp\wamp\www\myThinkPHP\ThinkPHP\Lib\Core\Db.class.php 第 568 行.
SQL: SELECT COUNT(*) AS tp_count FROM `tp_user` WHERE ( `username` = 'g' ) LIMIT 1   [ RunTime:0.000000s ]

[ 2016-11-29T14:51:19+08:00 ] 0.0.0.0 /myThinkPHP/index.php/Register/checkName?username=gw
INFO: [ app_begin ] --START--
INFO: Run ReadHtmlCache Behavior [ RunTime:0.001000s ]
INFO: [ app_begin ] --END-- [ RunTime:0.001000s ]
NOTIC: [8192] mysql_connect(): The mysql extension is deprecated and will be removed in the future: use mysqli or PDO instead F:\wamp\wamp\www\myThinkPHP\ThinkPHP\Lib\Driver\Db\DbMysql.class.php 第 55 行.
SQL: SHOW COLUMNS FROM `tp_user` [ RunTime:0.002000s ]
NOTIC: [8192] preg_replace(): The /e modifier is deprecated, use preg_replace_callback instead F:\wamp\wamp\www\myThinkPHP\ThinkPHP\Lib\Core\Db.class.php 第 568 行.
SQL: SELECT COUNT(*) AS tp_count FROM `tp_user` WHERE ( `username` = 'gw' ) LIMIT 1   [ RunTime:0.000000s ]

[ 2016-11-29T14:51:19+08:00 ] 0.0.0.0 /myThinkPHP/index.php/Register/checkName?username=gwl
INFO: [ app_begin ] --START--
INFO: Run ReadHtmlCache Behavior [ RunTime:0.000000s ]
INFO: [ app_begin ] --END-- [ RunTime:0.001000s ]
NOTIC: [8192] mysql_connect(): The mysql extension is deprecated and will be removed in the future: use mysqli or PDO instead F:\wamp\wamp\www\myThinkPHP\ThinkPHP\Lib\Driver\Db\DbMysql.class.php 第 55 行.
SQL: SHOW COLUMNS FROM `tp_user` [ RunTime:0.002000s ]
NOTIC: [8192] preg_replace(): The /e modifier is deprecated, use preg_replace_callback instead F:\wamp\wamp\www\myThinkPHP\ThinkPHP\Lib\Core\Db.class.php 第 568 行.
SQL: SELECT COUNT(*) AS tp_count FROM `tp_user` WHERE ( `username` = 'gwl' ) LIMIT 1   [ RunTime:0.000000s ]

[ 2016-11-29T14:51:22+08:00 ] 0.0.0.0 /myThinkPHP/index.php/Register/checkName?username=gw
INFO: [ app_begin ] --START--
INFO: Run ReadHtmlCache Behavior [ RunTime:0.001000s ]
INFO: [ app_begin ] --END-- [ RunTime:0.001000s ]
NOTIC: [8192] mysql_connect(): The mysql extension is deprecated and will be removed in the future: use mysqli or PDO instead F:\wamp\wamp\www\myThinkPHP\ThinkPHP\Lib\Driver\Db\DbMysql.class.php 第 55 行.
SQL: SHOW COLUMNS FROM `tp_user` [ RunTime:0.002001s ]
NOTIC: [8192] preg_replace(): The /e modifier is deprecated, use preg_replace_callback instead F:\wamp\wamp\www\myThinkPHP\ThinkPHP\Lib\Core\Db.class.php 第 568 行.
SQL: SELECT COUNT(*) AS tp_count FROM `tp_user` WHERE ( `username` = 'gw' ) LIMIT 1   [ RunTime:0.000000s ]

[ 2016-11-29T14:51:25+08:00 ] 0.0.0.0 /myThinkPHP/index.php/Register/checkName?username=g
INFO: [ app_begin ] --START--
INFO: Run ReadHtmlCache Behavior [ RunTime:0.000000s ]
INFO: [ app_begin ] --END-- [ RunTime:0.000000s ]
NOTIC: [8192] mysql_connect(): The mysql extension is deprecated and will be removed in the future: use mysqli or PDO instead F:\wamp\wamp\www\myThinkPHP\ThinkPHP\Lib\Driver\Db\DbMysql.class.php 第 55 行.
SQL: SHOW COLUMNS FROM `tp_user` [ RunTime:0.002000s ]
NOTIC: [8192] preg_replace(): The /e modifier is deprecated, use preg_replace_callback instead F:\wamp\wamp\www\myThinkPHP\ThinkPHP\Lib\Core\Db.class.php 第 568 行.
SQL: SELECT COUNT(*) AS tp_count FROM `tp_user` WHERE ( `username` = 'g' ) LIMIT 1   [ RunTime:0.000000s ]

[ 2016-11-29T14:51:25+08:00 ] 0.0.0.0 /myThinkPHP/index.php/Register/checkName?username=
INFO: [ app_begin ] --START--
INFO: Run ReadHtmlCache Behavior [ RunTime:0.001000s ]
INFO: [ app_begin ] --END-- [ RunTime:0.001000s ]

[ 2016-11-29T14:51:25+08:00 ] 0.0.0.0 /myThinkPHP/index.php/Register/checkName?username=g
INFO: [ app_begin ] --START--
INFO: Run ReadHtmlCache Behavior [ RunTime:0.000000s ]
INFO: [ app_begin ] --END-- [ RunTime:0.001000s ]
NOTIC: [8192] mysql_connect(): The mysql extension is deprecated and will be removed in the future: use mysqli or PDO instead F:\wamp\wamp\www\myThinkPHP\ThinkPHP\Lib\Driver\Db\DbMysql.class.php 第 55 行.
SQL: SHOW COLUMNS FROM `tp_user` [ RunTime:0.002000s ]
NOTIC: [8192] preg_replace(): The /e modifier is deprecated, use preg_replace_callback instead F:\wamp\wamp\www\myThinkPHP\ThinkPHP\Lib\Core\Db.class.php 第 568 行.
SQL: SELECT COUNT(*) AS tp_count FROM `tp_user` WHERE ( `username` = 'g' ) LIMIT 1   [ RunTime:0.000000s ]

[ 2016-11-29T14:51:25+08:00 ] 0.0.0.0 /myThinkPHP/index.php/Register/checkName?username=gw
INFO: [ app_begin ] --START--
INFO: Run ReadHtmlCache Behavior [ RunTime:0.000000s ]
INFO: [ app_begin ] --END-- [ RunTime:0.000000s ]
NOTIC: [8192] mysql_connect(): The mysql extension is deprecated and will be removed in the future: use mysqli or PDO instead F:\wamp\wamp\www\myThinkPHP\ThinkPHP\Lib\Driver\Db\DbMysql.class.php 第 55 行.
SQL: SHOW COLUMNS FROM `tp_user` [ RunTime:0.002000s ]
NOTIC: [8192] preg_replace(): The /e modifier is deprecated, use preg_replace_callback instead F:\wamp\wamp\www\myThinkPHP\ThinkPHP\Lib\Core\Db.class.php 第 568 行.
SQL: SELECT COUNT(*) AS tp_count FROM `tp_user` WHERE ( `username` = 'gw' ) LIMIT 1   [ RunTime:0.000000s ]

[ 2016-11-29T14:51:27+08:00 ] 0.0.0.0 /myThinkPHP/index.php/Register/checkName?username=g
INFO: [ app_begin ] --START--
INFO: Run ReadHtmlCache Behavior [ RunTime:0.000000s ]
INFO: [ app_begin ] --END-- [ RunTime:0.001000s ]
NOTIC: [8192] mysql_connect(): The mysql extension is deprecated and will be removed in the future: use mysqli or PDO instead F:\wamp\wamp\www\myThinkPHP\ThinkPHP\Lib\Driver\Db\DbMysql.class.php 第 55 行.
SQL: SHOW COLUMNS FROM `tp_user` [ RunTime:0.002000s ]
NOTIC: [8192] preg_replace(): The /e modifier is deprecated, use preg_replace_callback instead F:\wamp\wamp\www\myThinkPHP\ThinkPHP\Lib\Core\Db.class.php 第 568 行.
SQL: SELECT COUNT(*) AS tp_count FROM `tp_user` WHERE ( `username` = 'g' ) LIMIT 1   [ RunTime:0.000000s ]

[ 2016-11-29T14:51:27+08:00 ] 0.0.0.0 /myThinkPHP/index.php/Register/checkName?username=
INFO: [ app_begin ] --START--
INFO: Run ReadHtmlCache Behavior [ RunTime:0.001000s ]
INFO: [ app_begin ] --END-- [ RunTime:0.001000s ]

[ 2016-11-29T14:51:28+08:00 ] 0.0.0.0 /myThinkPHP/index.php/Register/checkName?username=g
INFO: [ app_begin ] --START--
INFO: Run ReadHtmlCache Behavior [ RunTime:0.001000s ]
INFO: [ app_begin ] --END-- [ RunTime:0.001000s ]
NOTIC: [8192] mysql_connect(): The mysql extension is deprecated and will be removed in the future: use mysqli or PDO instead F:\wamp\wamp\www\myThinkPHP\ThinkPHP\Lib\Driver\Db\DbMysql.class.php 第 55 行.
SQL: SHOW COLUMNS FROM `tp_user` [ RunTime:0.002000s ]
NOTIC: [8192] preg_replace(): The /e modifier is deprecated, use preg_replace_callback instead F:\wamp\wamp\www\myThinkPHP\ThinkPHP\Lib\Core\Db.class.php 第 568 行.
SQL: SELECT COUNT(*) AS tp_count FROM `tp_user` WHERE ( `username` = 'g' ) LIMIT 1   [ RunTime:0.000000s ]

[ 2016-11-29T14:51:28+08:00 ] 0.0.0.0 /myThinkPHP/index.php/Register/checkName?username=gw
INFO: [ app_begin ] --START--
INFO: Run ReadHtmlCache Behavior [ RunTime:0.000000s ]
INFO: [ app_begin ] --END-- [ RunTime:0.000000s ]
NOTIC: [8192] mysql_connect(): The mysql extension is deprecated and will be removed in the future: use mysqli or PDO instead F:\wamp\wamp\www\myThinkPHP\ThinkPHP\Lib\Driver\Db\DbMysql.class.php 第 55 行.
SQL: SHOW COLUMNS FROM `tp_user` [ RunTime:0.003001s ]
NOTIC: [8192] preg_replace(): The /e modifier is deprecated, use preg_replace_callback instead F:\wamp\wamp\www\myThinkPHP\ThinkPHP\Lib\Core\Db.class.php 第 568 行.
SQL: SELECT COUNT(*) AS tp_count FROM `tp_user` WHERE ( `username` = 'gw' ) LIMIT 1   [ RunTime:0.001000s ]

[ 2016-11-29T14:51:29+08:00 ] 0.0.0.0 /myThinkPHP/index.php/Register/checkName?username=gwl
INFO: [ app_begin ] --START--
INFO: Run ReadHtmlCache Behavior [ RunTime:0.000000s ]
INFO: [ app_begin ] --END-- [ RunTime:0.000000s ]
NOTIC: [8192] mysql_connect(): The mysql extension is deprecated and will be removed in the future: use mysqli or PDO instead F:\wamp\wamp\www\myThinkPHP\ThinkPHP\Lib\Driver\Db\DbMysql.class.php 第 55 行.
SQL: SHOW COLUMNS FROM `tp_user` [ RunTime:0.002000s ]
NOTIC: [8192] preg_replace(): The /e modifier is deprecated, use preg_replace_callback instead F:\wamp\wamp\www\myThinkPHP\ThinkPHP\Lib\Core\Db.class.php 第 568 行.
SQL: SELECT COUNT(*) AS tp_count FROM `tp_user` WHERE ( `username` = 'gwl' ) LIMIT 1   [ RunTime:0.001000s ]

[ 2016-11-29T14:51:30+08:00 ] 0.0.0.0 /myThinkPHP/index.php/Register/checkName?username=gw
INFO: [ app_begin ] --START--
INFO: Run ReadHtmlCache Behavior [ RunTime:0.001000s ]
INFO: [ app_begin ] --END-- [ RunTime:0.001000s ]
NOTIC: [8192] mysql_connect(): The mysql extension is deprecated and will be removed in the future: use mysqli or PDO instead F:\wamp\wamp\www\myThinkPHP\ThinkPHP\Lib\Driver\Db\DbMysql.class.php 第 55 行.
SQL: SHOW COLUMNS FROM `tp_user` [ RunTime:0.002000s ]
NOTIC: [8192] preg_replace(): The /e modifier is deprecated, use preg_replace_callback instead F:\wamp\wamp\www\myThinkPHP\ThinkPHP\Lib\Core\Db.class.php 第 568 行.
SQL: SELECT COUNT(*) AS tp_count FROM `tp_user` WHERE ( `username` = 'gw' ) LIMIT 1   [ RunTime:0.000000s ]

[ 2016-11-29T14:51:31+08:00 ] 0.0.0.0 /myThinkPHP/index.php/Register/checkName?username=g
INFO: [ app_begin ] --START--
INFO: Run ReadHtmlCache Behavior [ RunTime:0.000000s ]
INFO: [ app_begin ] --END-- [ RunTime:0.001000s ]
NOTIC: [8192] mysql_connect(): The mysql extension is deprecated and will be removed in the future: use mysqli or PDO instead F:\wamp\wamp\www\myThinkPHP\ThinkPHP\Lib\Driver\Db\DbMysql.class.php 第 55 行.
SQL: SHOW COLUMNS FROM `tp_user` [ RunTime:0.003000s ]
NOTIC: [8192] preg_replace(): The /e modifier is deprecated, use preg_replace_callback instead F:\wamp\wamp\www\myThinkPHP\ThinkPHP\Lib\Core\Db.class.php 第 568 行.
SQL: SELECT COUNT(*) AS tp_count FROM `tp_user` WHERE ( `username` = 'g' ) LIMIT 1   [ RunTime:0.001000s ]

[ 2016-11-29T14:51:31+08:00 ] 0.0.0.0 /myThinkPHP/index.php/Register/checkName?username=
INFO: [ app_begin ] --START--
INFO: Run ReadHtmlCache Behavior [ RunTime:0.001000s ]
INFO: [ app_begin ] --END-- [ RunTime:0.001000s ]

[ 2016-11-29T14:51:35+08:00 ] 0.0.0.0 /myThinkPHP/index.php/Register/checkName?username=g
INFO: [ app_begin ] --START--
INFO: Run ReadHtmlCache Behavior [ RunTime:0.000000s ]
INFO: [ app_begin ] --END-- [ RunTime:0.000000s ]
NOTIC: [8192] mysql_connect(): The mysql extension is deprecated and will be removed in the future: use mysqli or PDO instead F:\wamp\wamp\www\myThinkPHP\ThinkPHP\Lib\Driver\Db\DbMysql.class.php 第 55 行.
SQL: SHOW COLUMNS FROM `tp_user` [ RunTime:0.002000s ]
NOTIC: [8192] preg_replace(): The /e modifier is deprecated, use preg_replace_callback instead F:\wamp\wamp\www\myThinkPHP\ThinkPHP\Lib\Core\Db.class.php 第 568 行.
SQL: SELECT COUNT(*) AS tp_count FROM `tp_user` WHERE ( `username` = 'g' ) LIMIT 1   [ RunTime:0.000000s ]

[ 2016-11-29T14:51:35+08:00 ] 0.0.0.0 /myThinkPHP/index.php/Register/checkName?username=gw
INFO: [ app_begin ] --START--
INFO: Run ReadHtmlCache Behavior [ RunTime:0.000000s ]
INFO: [ app_begin ] --END-- [ RunTime:0.000000s ]
NOTIC: [8192] mysql_connect(): The mysql extension is deprecated and will be removed in the future: use mysqli or PDO instead F:\wamp\wamp\www\myThinkPHP\ThinkPHP\Lib\Driver\Db\DbMysql.class.php 第 55 行.
SQL: SHOW COLUMNS FROM `tp_user` [ RunTime:0.002000s ]
NOTIC: [8192] preg_replace(): The /e modifier is deprecated, use preg_replace_callback instead F:\wamp\wamp\www\myThinkPHP\ThinkPHP\Lib\Core\Db.class.php 第 568 行.
SQL: SELECT COUNT(*) AS tp_count FROM `tp_user` WHERE ( `username` = 'gw' ) LIMIT 1   [ RunTime:0.000000s ]

[ 2016-11-29T14:51:36+08:00 ] 0.0.0.0 /myThinkPHP/index.php/Register/checkName?username=gwl
INFO: [ app_begin ] --START--
INFO: Run ReadHtmlCache Behavior [ RunTime:0.000000s ]
INFO: [ app_begin ] --END-- [ RunTime:0.000000s ]
NOTIC: [8192] mysql_connect(): The mysql extension is deprecated and will be removed in the future: use mysqli or PDO instead F:\wamp\wamp\www\myThinkPHP\ThinkPHP\Lib\Driver\Db\DbMysql.class.php 第 55 行.
SQL: SHOW COLUMNS FROM `tp_user` [ RunTime:0.002000s ]
NOTIC: [8192] preg_replace(): The /e modifier is deprecated, use preg_replace_callback instead F:\wamp\wamp\www\myThinkPHP\ThinkPHP\Lib\Core\Db.class.php 第 568 行.
SQL: SELECT COUNT(*) AS tp_count FROM `tp_user` WHERE ( `username` = 'gwl' ) LIMIT 1   [ RunTime:0.000000s ]

[ 2016-11-29T14:51:39+08:00 ] 0.0.0.0 /myThinkPHP/index.php/Register/checkName?username=gw
INFO: [ app_begin ] --START--
INFO: Run ReadHtmlCache Behavior [ RunTime:0.000000s ]
INFO: [ app_begin ] --END-- [ RunTime:0.000000s ]
NOTIC: [8192] mysql_connect(): The mysql extension is deprecated and will be removed in the future: use mysqli or PDO instead F:\wamp\wamp\www\myThinkPHP\ThinkPHP\Lib\Driver\Db\DbMysql.class.php 第 55 行.
SQL: SHOW COLUMNS FROM `tp_user` [ RunTime:0.002000s ]
NOTIC: [8192] preg_replace(): The /e modifier is deprecated, use preg_replace_callback instead F:\wamp\wamp\www\myThinkPHP\ThinkPHP\Lib\Core\Db.class.php 第 568 行.
SQL: SELECT COUNT(*) AS tp_count FROM `tp_user` WHERE ( `username` = 'gw' ) LIMIT 1   [ RunTime:0.000000s ]

[ 2016-11-29T14:51:39+08:00 ] 0.0.0.0 /myThinkPHP/index.php/Register/checkName?username=g
INFO: [ app_begin ] --START--
INFO: Run ReadHtmlCache Behavior [ RunTime:0.000000s ]
INFO: [ app_begin ] --END-- [ RunTime:0.000000s ]
NOTIC: [8192] mysql_connect(): The mysql extension is deprecated and will be removed in the future: use mysqli or PDO instead F:\wamp\wamp\www\myThinkPHP\ThinkPHP\Lib\Driver\Db\DbMysql.class.php 第 55 行.
SQL: SHOW COLUMNS FROM `tp_user` [ RunTime:0.002000s ]
NOTIC: [8192] preg_replace(): The /e modifier is deprecated, use preg_replace_callback instead F:\wamp\wamp\www\myThinkPHP\ThinkPHP\Lib\Core\Db.class.php 第 568 行.
SQL: SELECT COUNT(*) AS tp_count FROM `tp_user` WHERE ( `username` = 'g' ) LIMIT 1   [ RunTime:0.001000s ]

[ 2016-11-29T14:51:39+08:00 ] 0.0.0.0 /myThinkPHP/index.php/Register/checkName?username=
INFO: [ app_begin ] --START--
INFO: Run ReadHtmlCache Behavior [ RunTime:0.000000s ]
INFO: [ app_begin ] --END-- [ RunTime:0.000000s ]

[ 2016-11-29T14:51:39+08:00 ] 0.0.0.0 /myThinkPHP/index.php/Register/checkName?username=
INFO: [ app_begin ] --START--
INFO: Run ReadHtmlCache Behavior [ RunTime:0.000000s ]
INFO: [ app_begin ] --END-- [ RunTime:0.000000s ]

[ 2016-11-29T14:52:30+08:00 ] 0.0.0.0 /myThinkPHP/index.php/Register/checkName?username=gwl
INFO: [ app_begin ] --START--
INFO: Run ReadHtmlCache Behavior [ RunTime:0.000000s ]
INFO: [ app_begin ] --END-- [ RunTime:0.001001s ]
NOTIC: [8192] mysql_connect(): The mysql extension is deprecated and will be removed in the future: use mysqli or PDO instead F:\wamp\wamp\www\myThinkPHP\ThinkPHP\Lib\Driver\Db\DbMysql.class.php 第 55 行.
SQL: SHOW COLUMNS FROM `tp_user` [ RunTime:0.000000s ]
NOTIC: [8192] preg_replace(): The /e modifier is deprecated, use preg_replace_callback instead F:\wamp\wamp\www\myThinkPHP\ThinkPHP\Lib\Core\Db.class.php 第 568 行.
SQL: SELECT COUNT(*) AS tp_count FROM `tp_user` WHERE ( `username` = 'gwl' ) LIMIT 1   [ RunTime:0.000000s ]

[ 2016-11-29T14:52:34+08:00 ] 0.0.0.0 /myThinkPHP/index.php/Register/checkName?username=gwlgw
INFO: [ app_begin ] --START--
INFO: Run ReadHtmlCache Behavior [ RunTime:0.000000s ]
INFO: [ app_begin ] --END-- [ RunTime:0.000000s ]
NOTIC: [8192] mysql_connect(): The mysql extension is deprecated and will be removed in the future: use mysqli or PDO instead F:\wamp\wamp\www\myThinkPHP\ThinkPHP\Lib\Driver\Db\DbMysql.class.php 第 55 行.
SQL: SHOW COLUMNS FROM `tp_user` [ RunTime:0.000000s ]
NOTIC: [8192] preg_replace(): The /e modifier is deprecated, use preg_replace_callback instead F:\wamp\wamp\www\myThinkPHP\ThinkPHP\Lib\Core\Db.class.php 第 568 行.
SQL: SELECT COUNT(*) AS tp_count FROM `tp_user` WHERE ( `username` = 'gwlgw' ) LIMIT 1   [ RunTime:0.010000s ]

[ 2016-11-29T14:56:18+08:00 ] 0.0.0.0 /myThinkPHP/index.php/Register/checkName?username=shrikl
INFO: [ app_begin ] --START--
INFO: Run ReadHtmlCache Behavior [ RunTime:0.001000s ]
INFO: [ app_begin ] --END-- [ RunTime:0.001000s ]
NOTIC: [8192] mysql_connect(): The mysql extension is deprecated and will be removed in the future: use mysqli or PDO instead F:\wamp\wamp\www\myThinkPHP\ThinkPHP\Lib\Driver\Db\DbMysql.class.php 第 55 行.
SQL: SHOW COLUMNS FROM `tp_user` [ RunTime:0.002000s ]
NOTIC: [8192] preg_replace(): The /e modifier is deprecated, use preg_replace_callback instead F:\wamp\wamp\www\myThinkPHP\ThinkPHP\Lib\Core\Db.class.php 第 568 行.
SQL: SELECT COUNT(*) AS tp_count FROM `tp_user` WHERE ( `username` = 'shrikl' ) LIMIT 1   [ RunTime:0.000000s ]

[ 2016-11-29T14:58:09+08:00 ] 0.0.0.0 /myThinkPHP/index.php/Register/checkName?username=asdf
INFO: [ app_begin ] --START--
INFO: Run ReadHtmlCache Behavior [ RunTime:0.001000s ]
INFO: [ app_begin ] --END-- [ RunTime:0.001000s ]
NOTIC: [8192] mysql_connect(): The mysql extension is deprecated and will be removed in the future: use mysqli or PDO instead F:\wamp\wamp\www\myThinkPHP\ThinkPHP\Lib\Driver\Db\DbMysql.class.php 第 55 行.
SQL: SHOW COLUMNS FROM `tp_user` [ RunTime:0.003001s ]
NOTIC: [8192] preg_replace(): The /e modifier is deprecated, use preg_replace_callback instead F:\wamp\wamp\www\myThinkPHP\ThinkPHP\Lib\Core\Db.class.php 第 568 行.
SQL: SELECT COUNT(*) AS tp_count FROM `tp_user` WHERE ( `username` = 'asdf' ) LIMIT 1   [ RunTime:0.001000s ]

[ 2016-11-29T14:58:11+08:00 ] 0.0.0.0 /myThinkPHP/index.php/Register/checkName?username=asdfasdf
INFO: [ app_begin ] --START--
INFO: Run ReadHtmlCache Behavior [ RunTime:0.000000s ]
INFO: [ app_begin ] --END-- [ RunTime:0.000000s ]
NOTIC: [8192] mysql_connect(): The mysql extension is deprecated and will be removed in the future: use mysqli or PDO instead F:\wamp\wamp\www\myThinkPHP\ThinkPHP\Lib\Driver\Db\DbMysql.class.php 第 55 行.
SQL: SHOW COLUMNS FROM `tp_user` [ RunTime:0.000000s ]
NOTIC: [8192] preg_replace(): The /e modifier is deprecated, use preg_replace_callback instead F:\wamp\wamp\www\myThinkPHP\ThinkPHP\Lib\Core\Db.class.php 第 568 行.
SQL: SELECT COUNT(*) AS tp_count FROM `tp_user` WHERE ( `username` = 'asdfasdf' ) LIMIT 1   [ RunTime:0.000000s ]

[ 2016-11-29T14:58:42+08:00 ] 0.0.0.0 /myThinkPHP/index.php/Register/checkName?username=asdfasdf
INFO: [ app_begin ] --START--
INFO: Run ReadHtmlCache Behavior [ RunTime:0.000000s ]
INFO: [ app_begin ] --END-- [ RunTime:0.001000s ]
NOTIC: [8192] mysql_connect(): The mysql extension is deprecated and will be removed in the future: use mysqli or PDO instead F:\wamp\wamp\www\myThinkPHP\ThinkPHP\Lib\Driver\Db\DbMysql.class.php 第 55 行.
SQL: SHOW COLUMNS FROM `tp_user` [ RunTime:0.002001s ]
NOTIC: [8192] preg_replace(): The /e modifier is deprecated, use preg_replace_callback instead F:\wamp\wamp\www\myThinkPHP\ThinkPHP\Lib\Core\Db.class.php 第 568 行.
SQL: SELECT COUNT(*) AS tp_count FROM `tp_user` WHERE ( `username` = 'asdfasdf' ) LIMIT 1   [ RunTime:0.000000s ]

[ 2016-11-29T14:58:48+08:00 ] 0.0.0.0 /myThinkPHP/index.php/Register/checkName?username=asdf
INFO: [ app_begin ] --START--
INFO: Run ReadHtmlCache Behavior [ RunTime:0.001000s ]
INFO: [ app_begin ] --END-- [ RunTime:0.001000s ]
NOTIC: [8192] mysql_connect(): The mysql extension is deprecated and will be removed in the future: use mysqli or PDO instead F:\wamp\wamp\www\myThinkPHP\ThinkPHP\Lib\Driver\Db\DbMysql.class.php 第 55 行.
SQL: SHOW COLUMNS FROM `tp_user` [ RunTime:0.002000s ]
NOTIC: [8192] preg_replace(): The /e modifier is deprecated, use preg_replace_callback instead F:\wamp\wamp\www\myThinkPHP\ThinkPHP\Lib\Core\Db.class.php 第 568 行.
SQL: SELECT COUNT(*) AS tp_count FROM `tp_user` WHERE ( `username` = 'asdf' ) LIMIT 1   [ RunTime:0.001000s ]

[ 2016-11-29T14:58:54+08:00 ] 0.0.0.0 /myThinkPHP/index.php/Register/checkName?username=asdfadsf
INFO: [ app_begin ] --START--
INFO: Run ReadHtmlCache Behavior [ RunTime:0.001000s ]
INFO: [ app_begin ] --END-- [ RunTime:0.001000s ]
NOTIC: [8192] mysql_connect(): The mysql extension is deprecated and will be removed in the future: use mysqli or PDO instead F:\wamp\wamp\www\myThinkPHP\ThinkPHP\Lib\Driver\Db\DbMysql.class.php 第 55 行.
SQL: SHOW COLUMNS FROM `tp_user` [ RunTime:0.003000s ]
NOTIC: [8192] preg_replace(): The /e modifier is deprecated, use preg_replace_callback instead F:\wamp\wamp\www\myThinkPHP\ThinkPHP\Lib\Core\Db.class.php 第 568 行.
SQL: SELECT COUNT(*) AS tp_count FROM `tp_user` WHERE ( `username` = 'asdfadsf' ) LIMIT 1   [ RunTime:0.000000s ]

[ 2016-11-29T15:03:12+08:00 ] 0.0.0.0 /myThinkPHP/index.php/Register/checkName?username=mimaceshi
INFO: [ app_begin ] --START--
INFO: Run ReadHtmlCache Behavior [ RunTime:0.000000s ]
INFO: [ app_begin ] --END-- [ RunTime:0.000000s ]
NOTIC: [8192] mysql_connect(): The mysql extension is deprecated and will be removed in the future: use mysqli or PDO instead F:\wamp\wamp\www\myThinkPHP\ThinkPHP\Lib\Driver\Db\DbMysql.class.php 第 55 行.
SQL: SHOW COLUMNS FROM `tp_user` [ RunTime:0.002000s ]
NOTIC: [8192] preg_replace(): The /e modifier is deprecated, use preg_replace_callback instead F:\wamp\wamp\www\myThinkPHP\ThinkPHP\Lib\Core\Db.class.php 第 568 行.
SQL: SELECT COUNT(*) AS tp_count FROM `tp_user` WHERE ( `username` = 'mimaceshi' ) LIMIT 1   [ RunTime:0.000000s ]

[ 2016-11-29T15:36:47+08:00 ] 0.0.0.0 /myThinkPHP/index.php/Register/checkName?username=123
INFO: [ app_begin ] --START--
INFO: Run ReadHtmlCache Behavior [ RunTime:0.000000s ]
INFO: [ app_begin ] --END-- [ RunTime:0.000000s ]
NOTIC: [8192] mysql_connect(): The mysql extension is deprecated and will be removed in the future: use mysqli or PDO instead F:\wamp\wamp\www\myThinkPHP\ThinkPHP\Lib\Driver\Db\DbMysql.class.php 第 55 行.
SQL: SHOW COLUMNS FROM `tp_user` [ RunTime:0.000000s ]
NOTIC: [8192] preg_replace(): The /e modifier is deprecated, use preg_replace_callback instead F:\wamp\wamp\www\myThinkPHP\ThinkPHP\Lib\Core\Db.class.php 第 568 行.
SQL: SELECT COUNT(*) AS tp_count FROM `tp_user` WHERE ( `username` = '123' ) LIMIT 1   [ RunTime:0.000000s ]

[ 2016-11-29T17:22:28+08:00 ] ERR: (ThinkException) Model:relation您所请求的方法不存在！
